{"C:\\Users\\rafii\\Downloads\\Project\\automate-erp\\frontend\\src\\App.jsx": {"path":"C:\\Users\\rafii\\Downloads\\Project\\automate-erp\\frontend\\src\\App.jsx","statementMap":{"0":{"start":{"line":25,"column":26},"end":{"line":25,"column":96}},"1":{"start":{"line":26,"column":20},"end":{"line":26,"column":50}},"2":{"start":{"line":27,"column":30},"end":{"line":27,"column":71}},"3":{"start":{"line":30,"column":2},"end":{"line":35,"column":null}},"4":{"start":{"line":31,"column":18},"end":{"line":31,"column":54}},"5":{"start":{"line":32,"column":4},"end":{"line":33,"column":null}},"6":{"start":{"line":33,"column":6},"end":{"line":33,"column":null}},"7":{"start":{"line":37,"column":24},"end":{"line":37,"column":56}},"8":{"start":{"line":38,"column":9},"end":{"line":72,"column":4}},"9":{"start":{"line":74,"column":2},"end":{"line":86,"column":null}},"10":{"start":{"line":75,"column":4},"end":{"line":84,"column":null}},"11":{"start":{"line":76,"column":33},"end":{"line":81,"column":null}},"12":{"start":{"line":77,"column":8},"end":{"line":81,"column":null}},"13":{"start":{"line":78,"column":23},"end":{"line":78,"column":53}},"14":{"start":{"line":79,"column":10},"end":{"line":79,"column":null}},"15":{"start":{"line":81,"column":10},"end":{"line":81,"column":null}},"16":{"start":{"line":84,"column":6},"end":{"line":84,"column":null}},"17":{"start":{"line":88,"column":8},"end":{"line":93,"column":null}},"18":{"start":{"line":89,"column":4},"end":{"line":89,"column":null}},"19":{"start":{"line":90,"column":4},"end":{"line":90,"column":null}},"20":{"start":{"line":91,"column":4},"end":{"line":91,"column":null}},"21":{"start":{"line":92,"column":4},"end":{"line":92,"column":null}},"22":{"start":{"line":93,"column":4},"end":{"line":93,"column":null}},"23":{"start":{"line":96,"column":8},"end":{"line":97,"column":null}},"24":{"start":{"line":97,"column":4},"end":{"line":97,"column":null}},"25":{"start":{"line":100,"column":2},"end":{"line":101,"column":null}},"26":{"start":{"line":101,"column":4},"end":{"line":101,"column":null}},"27":{"start":{"line":101,"column":40},"end":{"line":101,"column":64}},"28":{"start":{"line":104,"column":17},"end":{"line":104,"column":null}},"29":{"start":{"line":105,"column":26},"end":{"line":105,"column":null}},"30":{"start":{"line":105,"column":49},"end":{"line":105,"column":57}},"31":{"start":{"line":105,"column":68},"end":{"line":105,"column":87}},"32":{"start":{"line":107,"column":8},"end":{"line":123,"column":null}},"33":{"start":{"line":108,"column":18},"end":{"line":108,"column":46}},"34":{"start":{"line":109,"column":4},"end":{"line":123,"column":null}},"35":{"start":{"line":110,"column":24},"end":{"line":110,"column":null}},"36":{"start":{"line":111,"column":24},"end":{"line":111,"column":null}},"37":{"start":{"line":112,"column":20},"end":{"line":112,"column":null}},"38":{"start":{"line":113,"column":24},"end":{"line":113,"column":null}},"39":{"start":{"line":114,"column":23},"end":{"line":114,"column":null}},"40":{"start":{"line":115,"column":25},"end":{"line":115,"column":null}},"41":{"start":{"line":116,"column":24},"end":{"line":116,"column":null}},"42":{"start":{"line":117,"column":17},"end":{"line":117,"column":null}},"43":{"start":{"line":118,"column":27},"end":{"line":118,"column":null}},"44":{"start":{"line":119,"column":23},"end":{"line":119,"column":null}},"45":{"start":{"line":120,"column":23},"end":{"line":120,"column":null}},"46":{"start":{"line":121,"column":18},"end":{"line":121,"column":null}},"47":{"start":{"line":122,"column":28},"end":{"line":122,"column":null}},"48":{"start":{"line":123,"column":15},"end":{"line":123,"column":null}},"49":{"start":{"line":127,"column":8},"end":{"line":128,"column":null}},"50":{"start":{"line":128,"column":4},"end":{"line":128,"column":null}},"51":{"start":{"line":133,"column":2},"end":{"line":167,"column":null}},"52":{"start":{"line":134,"column":4},"end":{"line":167,"column":null}},"53":{"start":{"line":172,"column":2},"end":{"line":315,"column":null}},"54":{"start":{"line":193,"column":12},"end":{"line":216,"column":null}},"55":{"start":{"line":199,"column":18},"end":{"line":213,"column":null}},"56":{"start":{"line":202,"column":22},"end":{"line":202,"column":null}},"57":{"start":{"line":203,"column":22},"end":{"line":203,"column":null}},"58":{"start":{"line":272,"column":31},"end":{"line":272,"column":75}},"59":{"start":{"line":287,"column":22},"end":{"line":296,"column":null}}},"fnMap":{"0":{"name":"App","decl":{"start":{"line":24,"column":24},"end":{"line":24,"column":30}},"loc":{"start":{"line":24,"column":30},"end":{"line":315,"column":null}},"line":24},"1":{"name":"(anonymous_1)","decl":{"start":{"line":30,"column":2},"end":{"line":30,"column":18}},"loc":{"start":{"line":30,"column":18},"end":{"line":35,"column":6}},"line":30},"2":{"name":"(anonymous_2)","decl":{"start":{"line":74,"column":2},"end":{"line":74,"column":18}},"loc":{"start":{"line":74,"column":18},"end":{"line":86,"column":6}},"line":74},"3":{"name":"(anonymous_3)","decl":{"start":{"line":76,"column":33},"end":{"line":76,"column":45}},"loc":{"start":{"line":76,"column":45},"end":{"line":81,"column":null}},"line":76},"4":{"name":"(anonymous_4)","decl":{"start":{"line":88,"column":8},"end":{"line":88,"column":29}},"loc":{"start":{"line":88,"column":29},"end":{"line":93,"column":null}},"line":88},"5":{"name":"(anonymous_5)","decl":{"start":{"line":96,"column":8},"end":{"line":96,"column":25}},"loc":{"start":{"line":96,"column":35},"end":{"line":97,"column":null}},"line":96},"6":{"name":"(anonymous_6)","decl":{"start":{"line":101,"column":18},"end":{"line":101,"column":40}},"loc":{"start":{"line":101,"column":40},"end":{"line":101,"column":64}},"line":101},"7":{"name":"(anonymous_7)","decl":{"start":{"line":105,"column":36},"end":{"line":105,"column":44}},"loc":{"start":{"line":105,"column":49},"end":{"line":105,"column":57}},"line":105},"8":{"name":"(anonymous_8)","decl":{"start":{"line":105,"column":58},"end":{"line":105,"column":63}},"loc":{"start":{"line":105,"column":68},"end":{"line":105,"column":87}},"line":105},"9":{"name":"(anonymous_9)","decl":{"start":{"line":107,"column":8},"end":{"line":107,"column":30}},"loc":{"start":{"line":107,"column":30},"end":{"line":123,"column":null}},"line":107},"10":{"name":"(anonymous_10)","decl":{"start":{"line":127,"column":8},"end":{"line":127,"column":29}},"loc":{"start":{"line":127,"column":29},"end":{"line":128,"column":null}},"line":127},"11":{"name":"(anonymous_11)","decl":{"start":{"line":192,"column":21},"end":{"line":192,"column":26}},"loc":{"start":{"line":193,"column":12},"end":{"line":216,"column":null}},"line":193},"12":{"name":"(anonymous_12)","decl":{"start":{"line":198,"column":29},"end":{"line":198,"column":34}},"loc":{"start":{"line":199,"column":18},"end":{"line":213,"column":null}},"line":199},"13":{"name":"(anonymous_13)","decl":{"start":{"line":201,"column":20},"end":{"line":201,"column":35}},"loc":{"start":{"line":201,"column":35},"end":{"line":203,"column":null}},"line":201},"14":{"name":"(anonymous_14)","decl":{"start":{"line":272,"column":16},"end":{"line":272,"column":31}},"loc":{"start":{"line":272,"column":31},"end":{"line":272,"column":75}},"line":272},"15":{"name":"(anonymous_15)","decl":{"start":{"line":286,"column":62},"end":{"line":286,"column":66}},"loc":{"start":{"line":287,"column":22},"end":{"line":296,"column":null}},"line":287}},"branchMap":{"0":{"loc":{"start":{"line":32,"column":4},"end":{"line":33,"column":null}},"type":"if","locations":[{"start":{"line":32,"column":4},"end":{"line":33,"column":null}},{"start":{},"end":{}}],"line":32},"1":{"loc":{"start":{"line":32,"column":8},"end":{"line":32,"column":35}},"type":"binary-expr","locations":[{"start":{"line":32,"column":8},"end":{"line":32,"column":18}},{"start":{"line":32,"column":18},"end":{"line":32,"column":35}}],"line":32},"2":{"loc":{"start":{"line":75,"column":4},"end":{"line":84,"column":null}},"type":"if","locations":[{"start":{"line":75,"column":4},"end":{"line":84,"column":null}},{"start":{},"end":{}}],"line":75},"3":{"loc":{"start":{"line":75,"column":8},"end":{"line":75,"column":48}},"type":"binary-expr","locations":[{"start":{"line":75,"column":8},"end":{"line":75,"column":27}},{"start":{"line":75,"column":27},"end":{"line":75,"column":48}}],"line":75},"4":{"loc":{"start":{"line":100,"column":2},"end":{"line":101,"column":null}},"type":"if","locations":[{"start":{"line":100,"column":2},"end":{"line":101,"column":null}},{"start":{},"end":{}}],"line":100},"5":{"loc":{"start":{"line":105,"column":26},"end":{"line":105,"column":null}},"type":"binary-expr","locations":[{"start":{"line":105,"column":26},"end":{"line":105,"column":98}},{"start":{"line":105,"column":98},"end":{"line":105,"column":null}}],"line":105},"6":{"loc":{"start":{"line":109,"column":4},"end":{"line":123,"column":null}},"type":"switch","locations":[{"start":{"line":110,"column":6},"end":{"line":110,"column":null}},{"start":{"line":111,"column":6},"end":{"line":111,"column":null}},{"start":{"line":112,"column":6},"end":{"line":112,"column":null}},{"start":{"line":113,"column":6},"end":{"line":113,"column":null}},{"start":{"line":114,"column":6},"end":{"line":114,"column":null}},{"start":{"line":115,"column":6},"end":{"line":115,"column":null}},{"start":{"line":116,"column":6},"end":{"line":116,"column":null}},{"start":{"line":117,"column":6},"end":{"line":117,"column":null}},{"start":{"line":118,"column":6},"end":{"line":118,"column":null}},{"start":{"line":119,"column":6},"end":{"line":119,"column":null}},{"start":{"line":120,"column":6},"end":{"line":120,"column":null}},{"start":{"line":121,"column":6},"end":{"line":121,"column":null}},{"start":{"line":122,"column":6},"end":{"line":122,"column":null}},{"start":{"line":123,"column":6},"end":{"line":123,"column":null}}],"line":109},"7":{"loc":{"start":{"line":133,"column":2},"end":{"line":167,"column":null}},"type":"if","locations":[{"start":{"line":133,"column":2},"end":{"line":167,"column":null}},{"start":{},"end":{}}],"line":133},"8":{"loc":{"start":{"line":206,"column":22},"end":{"line":208,"column":null}},"type":"cond-expr","locations":[{"start":{"line":207,"column":26},"end":{"line":207,"column":null}},{"start":{"line":208,"column":26},"end":{"line":208,"column":null}}],"line":206},"9":{"loc":{"start":{"line":211,"column":85},"end":{"line":211,"column":146}},"type":"cond-expr","locations":[{"start":{"line":211,"column":109},"end":{"line":211,"column":124}},{"start":{"line":211,"column":124},"end":{"line":211,"column":146}}],"line":211},"10":{"loc":{"start":{"line":273,"column":69},"end":{"line":273,"column":null}},"type":"cond-expr","locations":[{"start":{"line":273,"column":91},"end":{"line":273,"column":120}},{"start":{"line":273,"column":120},"end":{"line":273,"column":null}}],"line":273},"11":{"loc":{"start":{"line":279,"column":15},"end":{"line":305,"column":null}},"type":"binary-expr","locations":[{"start":{"line":279,"column":15},"end":{"line":279,"column":null}},{"start":{"line":280,"column":16},"end":{"line":305,"column":null}}],"line":279},"12":{"loc":{"start":{"line":286,"column":21},"end":{"line":300,"column":null}},"type":"cond-expr","locations":[{"start":{"line":286,"column":48},"end":{"line":296,"column":null}},{"start":{"line":298,"column":22},"end":{"line":300,"column":null}}],"line":286}},"s":{"0":41,"1":41,"2":41,"3":41,"4":22,"5":22,"6":0,"7":41,"8":41,"9":41,"10":22,"11":0,"12":0,"13":0,"14":0,"15":0,"16":0,"17":41,"18":1,"19":1,"20":1,"21":1,"22":1,"23":41,"24":16,"25":41,"26":3,"27":1,"28":38,"29":38,"30":152,"31":369,"32":41,"33":17,"34":17,"35":4,"36":1,"37":2,"38":1,"39":1,"40":1,"41":1,"42":1,"43":1,"44":1,"45":1,"46":1,"47":1,"48":0,"49":41,"50":2,"51":41,"52":21,"53":17,"54":68,"55":221,"56":1,"57":1,"58":0,"59":0},"f":{"0":41,"1":22,"2":22,"3":0,"4":1,"5":16,"6":1,"7":152,"8":369,"9":17,"10":2,"11":68,"12":221,"13":1,"14":0,"15":0},"b":{"0":[0,22],"1":[22,3],"2":[0,22],"3":[22,19],"4":[3,38],"5":[38,21],"6":[4,1,2,1,1,1,1,1,1,1,1,1,1,0],"7":[21,20],"8":[17,204],"9":[17,204],"10":[0,17],"11":[41,0],"12":[0,0]},"meta":{"lastBranch":13,"lastFunction":16,"lastStatement":60,"seen":{"f:24:24:24:30":0,"s:25:26:25:96":0,"s:26:20:26:50":1,"s:27:30:27:71":2,"s:30:2:35:Infinity":3,"f:30:2:30:18":1,"s:31:18:31:54":4,"b:32:4:33:Infinity:undefined:undefined:undefined:undefined":0,"s:32:4:33:Infinity":5,"b:32:8:32:18:32:18:32:35":1,"s:33:6:33:Infinity":6,"s:37:24:37:56":7,"s:38:9:72:4":8,"s:74:2:86:Infinity":9,"f:74:2:74:18":2,"b:75:4:84:Infinity:undefined:undefined:undefined:undefined":2,"s:75:4:84:Infinity":10,"b:75:8:75:27:75:27:75:48":3,"s:76:33:81:Infinity":11,"f:76:33:76:45":3,"s:77:8:81:Infinity":12,"s:78:23:78:53":13,"s:79:10:79:Infinity":14,"s:81:10:81:Infinity":15,"s:84:6:84:Infinity":16,"s:88:8:93:Infinity":17,"f:88:8:88:29":4,"s:89:4:89:Infinity":18,"s:90:4:90:Infinity":19,"s:91:4:91:Infinity":20,"s:92:4:92:Infinity":21,"s:93:4:93:Infinity":22,"s:96:8:97:Infinity":23,"f:96:8:96:25":5,"s:97:4:97:Infinity":24,"b:100:2:101:Infinity:undefined:undefined:undefined:undefined":4,"s:100:2:101:Infinity":25,"s:101:4:101:Infinity":26,"f:101:18:101:40":6,"s:101:40:101:64":27,"s:104:17:104:Infinity":28,"s:105:26:105:Infinity":29,"b:105:26:105:98:105:98:105:Infinity":5,"f:105:36:105:44":7,"s:105:49:105:57":30,"f:105:58:105:63":8,"s:105:68:105:87":31,"s:107:8:123:Infinity":32,"f:107:8:107:30":9,"s:108:18:108:46":33,"b:110:6:110:Infinity:111:6:111:Infinity:112:6:112:Infinity:113:6:113:Infinity:114:6:114:Infinity:115:6:115:Infinity:116:6:116:Infinity:117:6:117:Infinity:118:6:118:Infinity:119:6:119:Infinity:120:6:120:Infinity:121:6:121:Infinity:122:6:122:Infinity:123:6:123:Infinity":6,"s:109:4:123:Infinity":34,"s:110:24:110:Infinity":35,"s:111:24:111:Infinity":36,"s:112:20:112:Infinity":37,"s:113:24:113:Infinity":38,"s:114:23:114:Infinity":39,"s:115:25:115:Infinity":40,"s:116:24:116:Infinity":41,"s:117:17:117:Infinity":42,"s:118:27:118:Infinity":43,"s:119:23:119:Infinity":44,"s:120:23:120:Infinity":45,"s:121:18:121:Infinity":46,"s:122:28:122:Infinity":47,"s:123:15:123:Infinity":48,"s:127:8:128:Infinity":49,"f:127:8:127:29":10,"s:128:4:128:Infinity":50,"b:133:2:167:Infinity:undefined:undefined:undefined:undefined":7,"s:133:2:167:Infinity":51,"s:134:4:167:Infinity":52,"s:172:2:315:Infinity":53,"f:192:21:192:26":11,"s:193:12:216:Infinity":54,"f:198:29:198:34":12,"s:199:18:213:Infinity":55,"f:201:20:201:35":13,"s:202:22:202:Infinity":56,"s:203:22:203:Infinity":57,"b:207:26:207:Infinity:208:26:208:Infinity":8,"b:211:109:211:124:211:124:211:146":9,"f:272:16:272:31":14,"s:272:31:272:75":58,"b:273:91:273:120:273:120:273:Infinity":10,"b:279:15:279:Infinity:280:16:305:Infinity":11,"b:286:48:296:Infinity:298:22:300:Infinity":12,"f:286:62:286:66":15,"s:287:22:296:Infinity":59}}}
,"C:\\Users\\rafii\\Downloads\\Project\\automate-erp\\frontend\\src\\api\\client.js": {"path":"C:\\Users\\rafii\\Downloads\\Project\\automate-erp\\frontend\\src\\api\\client.js","statementMap":{"0":{"start":{"line":1,"column":17},"end":{"line":1,"column":null}},"1":{"start":{"line":6,"column":25},"end":{"line":43,"column":null}},"2":{"start":{"line":7,"column":16},"end":{"line":7,"column":52}},"3":{"start":{"line":9,"column":18},"end":{"line":12,"column":null}},"4":{"start":{"line":14,"column":2},"end":{"line":15,"column":null}},"5":{"start":{"line":15,"column":4},"end":{"line":15,"column":null}},"6":{"start":{"line":18,"column":17},"end":{"line":21,"column":null}},"7":{"start":{"line":23,"column":19},"end":{"line":23,"column":64}},"8":{"start":{"line":25,"column":2},"end":{"line":30,"column":null}},"9":{"start":{"line":27,"column":4},"end":{"line":27,"column":null}},"10":{"start":{"line":28,"column":4},"end":{"line":28,"column":null}},"11":{"start":{"line":29,"column":4},"end":{"line":29,"column":null}},"12":{"start":{"line":30,"column":4},"end":{"line":30,"column":null}},"13":{"start":{"line":33,"column":2},"end":{"line":35,"column":null}},"14":{"start":{"line":34,"column":22},"end":{"line":34,"column":61}},"15":{"start":{"line":34,"column":57},"end":{"line":34,"column":59}},"16":{"start":{"line":35,"column":4},"end":{"line":35,"column":null}},"17":{"start":{"line":39,"column":2},"end":{"line":40,"column":null}},"18":{"start":{"line":40,"column":4},"end":{"line":40,"column":null}},"19":{"start":{"line":43,"column":2},"end":{"line":43,"column":null}}},"fnMap":{"0":{"name":"(anonymous_0)","decl":{"start":{"line":6,"column":25},"end":{"line":6,"column":32}},"loc":{"start":{"line":6,"column":59},"end":{"line":43,"column":null}},"line":6},"1":{"name":"(anonymous_1)","decl":{"start":{"line":34,"column":44},"end":{"line":34,"column":57}},"loc":{"start":{"line":34,"column":57},"end":{"line":34,"column":59}},"line":34}},"branchMap":{"0":{"loc":{"start":{"line":6,"column":42},"end":{"line":6,"column":54}},"type":"default-arg","locations":[{"start":{"line":6,"column":52},"end":{"line":6,"column":54}}],"line":6},"1":{"loc":{"start":{"line":14,"column":2},"end":{"line":15,"column":null}},"type":"if","locations":[{"start":{"line":14,"column":2},"end":{"line":15,"column":null}},{"start":{},"end":{}}],"line":14},"2":{"loc":{"start":{"line":25,"column":2},"end":{"line":30,"column":null}},"type":"if","locations":[{"start":{"line":25,"column":2},"end":{"line":30,"column":null}},{"start":{},"end":{}}],"line":25},"3":{"loc":{"start":{"line":33,"column":2},"end":{"line":35,"column":null}},"type":"if","locations":[{"start":{"line":33,"column":2},"end":{"line":35,"column":null}},{"start":{},"end":{}}],"line":33},"4":{"loc":{"start":{"line":35,"column":20},"end":{"line":35,"column":91}},"type":"binary-expr","locations":[{"start":{"line":35,"column":20},"end":{"line":35,"column":40}},{"start":{"line":35,"column":40},"end":{"line":35,"column":59}},{"start":{"line":35,"column":59},"end":{"line":35,"column":91}}],"line":35},"5":{"loc":{"start":{"line":39,"column":2},"end":{"line":40,"column":null}},"type":"if","locations":[{"start":{"line":39,"column":2},"end":{"line":40,"column":null}},{"start":{},"end":{}}],"line":39}},"s":{"0":1,"1":1,"2":4,"3":4,"4":4,"5":2,"6":4,"7":4,"8":4,"9":1,"10":1,"11":1,"12":1,"13":3,"14":1,"15":0,"16":1,"17":2,"18":1,"19":1},"f":{"0":4,"1":0},"b":{"0":[4],"1":[2,2],"2":[1,3],"3":[1,2],"4":[1,0,0],"5":[1,1]},"meta":{"lastBranch":6,"lastFunction":2,"lastStatement":20,"seen":{"s:1:17:1:Infinity":0,"s:6:25:43:Infinity":1,"f:6:25:6:32":0,"b:6:52:6:54":0,"s:7:16:7:52":2,"s:9:18:12:Infinity":3,"b:14:2:15:Infinity:undefined:undefined:undefined:undefined":1,"s:14:2:15:Infinity":4,"s:15:4:15:Infinity":5,"s:18:17:21:Infinity":6,"s:23:19:23:64":7,"b:25:2:30:Infinity:undefined:undefined:undefined:undefined":2,"s:25:2:30:Infinity":8,"s:27:4:27:Infinity":9,"s:28:4:28:Infinity":10,"s:29:4:29:Infinity":11,"s:30:4:30:Infinity":12,"b:33:2:35:Infinity:undefined:undefined:undefined:undefined":3,"s:33:2:35:Infinity":13,"s:34:22:34:61":14,"f:34:44:34:57":1,"s:34:57:34:59":15,"s:35:4:35:Infinity":16,"b:35:20:35:40:35:40:35:59:35:59:35:91":4,"b:39:2:40:Infinity:undefined:undefined:undefined:undefined":5,"s:39:2:40:Infinity":17,"s:40:4:40:Infinity":18,"s:43:2:43:Infinity":19}}}
,"C:\\Users\\rafii\\Downloads\\Project\\automate-erp\\frontend\\src\\api\\endpoints.js": {"path":"C:\\Users\\rafii\\Downloads\\Project\\automate-erp\\frontend\\src\\api\\endpoints.js","statementMap":{"0":{"start":{"line":3,"column":19},"end":{"line":194,"column":null}},"1":{"start":{"line":5,"column":12},"end":{"line":8,"column":6}},"2":{"start":{"line":12,"column":4},"end":{"line":12,"column":51}},"3":{"start":{"line":16,"column":4},"end":{"line":16,"column":39}},"4":{"start":{"line":17,"column":13},"end":{"line":20,"column":6}},"5":{"start":{"line":21,"column":17},"end":{"line":24,"column":6}},"6":{"start":{"line":25,"column":13},"end":{"line":27,"column":null}},"7":{"start":{"line":31,"column":4},"end":{"line":31,"column":40}},"8":{"start":{"line":32,"column":13},"end":{"line":35,"column":6}},"9":{"start":{"line":36,"column":17},"end":{"line":39,"column":6}},"10":{"start":{"line":40,"column":13},"end":{"line":42,"column":null}},"11":{"start":{"line":46,"column":4},"end":{"line":46,"column":37}},"12":{"start":{"line":47,"column":13},"end":{"line":50,"column":6}},"13":{"start":{"line":51,"column":17},"end":{"line":54,"column":6}},"14":{"start":{"line":55,"column":13},"end":{"line":57,"column":null}},"15":{"start":{"line":61,"column":4},"end":{"line":61,"column":36}},"16":{"start":{"line":62,"column":13},"end":{"line":65,"column":6}},"17":{"start":{"line":66,"column":17},"end":{"line":69,"column":6}},"18":{"start":{"line":70,"column":13},"end":{"line":72,"column":6}},"19":{"start":{"line":73,"column":20},"end":{"line":76,"column":null}},"20":{"start":{"line":80,"column":4},"end":{"line":80,"column":39}},"21":{"start":{"line":81,"column":13},"end":{"line":84,"column":6}},"22":{"start":{"line":85,"column":14},"end":{"line":87,"column":6}},"23":{"start":{"line":88,"column":13},"end":{"line":90,"column":6}},"24":{"start":{"line":91,"column":13},"end":{"line":93,"column":null}},"25":{"start":{"line":97,"column":4},"end":{"line":97,"column":40}},"26":{"start":{"line":98,"column":13},"end":{"line":101,"column":6}},"27":{"start":{"line":102,"column":17},"end":{"line":105,"column":6}},"28":{"start":{"line":106,"column":13},"end":{"line":108,"column":null}},"29":{"start":{"line":112,"column":4},"end":{"line":112,"column":40}},"30":{"start":{"line":113,"column":13},"end":{"line":116,"column":6}},"31":{"start":{"line":117,"column":17},"end":{"line":120,"column":6}},"32":{"start":{"line":121,"column":13},"end":{"line":123,"column":null}},"33":{"start":{"line":127,"column":4},"end":{"line":127,"column":46}},"34":{"start":{"line":128,"column":13},"end":{"line":131,"column":null}},"35":{"start":{"line":135,"column":4},"end":{"line":135,"column":39}},"36":{"start":{"line":136,"column":13},"end":{"line":139,"column":6}},"37":{"start":{"line":140,"column":17},"end":{"line":143,"column":6}},"38":{"start":{"line":144,"column":13},"end":{"line":146,"column":null}},"39":{"start":{"line":150,"column":11},"end":{"line":150,"column":88}},"40":{"start":{"line":151,"column":13},"end":{"line":154,"column":6}},"41":{"start":{"line":155,"column":17},"end":{"line":158,"column":6}},"42":{"start":{"line":159,"column":13},"end":{"line":161,"column":null}},"43":{"start":{"line":165,"column":4},"end":{"line":165,"column":41}},"44":{"start":{"line":169,"column":4},"end":{"line":169,"column":44}},"45":{"start":{"line":170,"column":15},"end":{"line":173,"column":null}},"46":{"start":{"line":177,"column":4},"end":{"line":177,"column":44}},"47":{"start":{"line":178,"column":13},"end":{"line":181,"column":6}},"48":{"start":{"line":182,"column":17},"end":{"line":185,"column":6}},"49":{"start":{"line":186,"column":13},"end":{"line":188,"column":null}},"50":{"start":{"line":192,"column":4},"end":{"line":192,"column":47}}},"fnMap":{"0":{"name":"(anonymous_0)","decl":{"start":{"line":5,"column":4},"end":{"line":5,"column":12}},"loc":{"start":{"line":5,"column":12},"end":{"line":8,"column":6}},"line":5},"1":{"name":"(anonymous_1)","decl":{"start":{"line":12,"column":4},"end":{"line":12,"column":19}},"loc":{"start":{"line":12,"column":4},"end":{"line":12,"column":51}},"line":12},"2":{"name":"(anonymous_2)","decl":{"start":{"line":16,"column":4},"end":{"line":16,"column":16}},"loc":{"start":{"line":16,"column":4},"end":{"line":16,"column":39}},"line":16},"3":{"name":"(anonymous_3)","decl":{"start":{"line":17,"column":4},"end":{"line":17,"column":13}},"loc":{"start":{"line":17,"column":13},"end":{"line":20,"column":6}},"line":17},"4":{"name":"(anonymous_4)","decl":{"start":{"line":21,"column":4},"end":{"line":21,"column":13}},"loc":{"start":{"line":21,"column":17},"end":{"line":24,"column":6}},"line":21},"5":{"name":"(anonymous_5)","decl":{"start":{"line":25,"column":4},"end":{"line":25,"column":13}},"loc":{"start":{"line":25,"column":13},"end":{"line":27,"column":null}},"line":25},"6":{"name":"(anonymous_6)","decl":{"start":{"line":31,"column":4},"end":{"line":31,"column":16}},"loc":{"start":{"line":31,"column":4},"end":{"line":31,"column":40}},"line":31},"7":{"name":"(anonymous_7)","decl":{"start":{"line":32,"column":4},"end":{"line":32,"column":13}},"loc":{"start":{"line":32,"column":13},"end":{"line":35,"column":6}},"line":32},"8":{"name":"(anonymous_8)","decl":{"start":{"line":36,"column":4},"end":{"line":36,"column":13}},"loc":{"start":{"line":36,"column":17},"end":{"line":39,"column":6}},"line":36},"9":{"name":"(anonymous_9)","decl":{"start":{"line":40,"column":4},"end":{"line":40,"column":13}},"loc":{"start":{"line":40,"column":13},"end":{"line":42,"column":null}},"line":40},"10":{"name":"(anonymous_10)","decl":{"start":{"line":46,"column":4},"end":{"line":46,"column":16}},"loc":{"start":{"line":46,"column":4},"end":{"line":46,"column":37}},"line":46},"11":{"name":"(anonymous_11)","decl":{"start":{"line":47,"column":4},"end":{"line":47,"column":13}},"loc":{"start":{"line":47,"column":13},"end":{"line":50,"column":6}},"line":47},"12":{"name":"(anonymous_12)","decl":{"start":{"line":51,"column":4},"end":{"line":51,"column":13}},"loc":{"start":{"line":51,"column":17},"end":{"line":54,"column":6}},"line":51},"13":{"name":"(anonymous_13)","decl":{"start":{"line":55,"column":4},"end":{"line":55,"column":13}},"loc":{"start":{"line":55,"column":13},"end":{"line":57,"column":null}},"line":55},"14":{"name":"(anonymous_14)","decl":{"start":{"line":61,"column":4},"end":{"line":61,"column":16}},"loc":{"start":{"line":61,"column":4},"end":{"line":61,"column":36}},"line":61},"15":{"name":"(anonymous_15)","decl":{"start":{"line":62,"column":4},"end":{"line":62,"column":13}},"loc":{"start":{"line":62,"column":13},"end":{"line":65,"column":6}},"line":62},"16":{"name":"(anonymous_16)","decl":{"start":{"line":66,"column":4},"end":{"line":66,"column":13}},"loc":{"start":{"line":66,"column":17},"end":{"line":69,"column":6}},"line":66},"17":{"name":"(anonymous_17)","decl":{"start":{"line":70,"column":4},"end":{"line":70,"column":13}},"loc":{"start":{"line":70,"column":13},"end":{"line":72,"column":6}},"line":70},"18":{"name":"(anonymous_18)","decl":{"start":{"line":73,"column":4},"end":{"line":73,"column":16}},"loc":{"start":{"line":73,"column":20},"end":{"line":76,"column":null}},"line":73},"19":{"name":"(anonymous_19)","decl":{"start":{"line":80,"column":4},"end":{"line":80,"column":16}},"loc":{"start":{"line":80,"column":4},"end":{"line":80,"column":39}},"line":80},"20":{"name":"(anonymous_20)","decl":{"start":{"line":81,"column":4},"end":{"line":81,"column":13}},"loc":{"start":{"line":81,"column":13},"end":{"line":84,"column":6}},"line":81},"21":{"name":"(anonymous_21)","decl":{"start":{"line":85,"column":4},"end":{"line":85,"column":14}},"loc":{"start":{"line":85,"column":14},"end":{"line":87,"column":6}},"line":85},"22":{"name":"(anonymous_22)","decl":{"start":{"line":88,"column":4},"end":{"line":88,"column":13}},"loc":{"start":{"line":88,"column":13},"end":{"line":90,"column":6}},"line":88},"23":{"name":"(anonymous_23)","decl":{"start":{"line":91,"column":4},"end":{"line":91,"column":13}},"loc":{"start":{"line":91,"column":13},"end":{"line":93,"column":null}},"line":91},"24":{"name":"(anonymous_24)","decl":{"start":{"line":97,"column":4},"end":{"line":97,"column":16}},"loc":{"start":{"line":97,"column":4},"end":{"line":97,"column":40}},"line":97},"25":{"name":"(anonymous_25)","decl":{"start":{"line":98,"column":4},"end":{"line":98,"column":13}},"loc":{"start":{"line":98,"column":13},"end":{"line":101,"column":6}},"line":98},"26":{"name":"(anonymous_26)","decl":{"start":{"line":102,"column":4},"end":{"line":102,"column":13}},"loc":{"start":{"line":102,"column":17},"end":{"line":105,"column":6}},"line":102},"27":{"name":"(anonymous_27)","decl":{"start":{"line":106,"column":4},"end":{"line":106,"column":13}},"loc":{"start":{"line":106,"column":13},"end":{"line":108,"column":null}},"line":106},"28":{"name":"(anonymous_28)","decl":{"start":{"line":112,"column":4},"end":{"line":112,"column":16}},"loc":{"start":{"line":112,"column":4},"end":{"line":112,"column":40}},"line":112},"29":{"name":"(anonymous_29)","decl":{"start":{"line":113,"column":4},"end":{"line":113,"column":13}},"loc":{"start":{"line":113,"column":13},"end":{"line":116,"column":6}},"line":113},"30":{"name":"(anonymous_30)","decl":{"start":{"line":117,"column":4},"end":{"line":117,"column":13}},"loc":{"start":{"line":117,"column":17},"end":{"line":120,"column":6}},"line":117},"31":{"name":"(anonymous_31)","decl":{"start":{"line":121,"column":4},"end":{"line":121,"column":13}},"loc":{"start":{"line":121,"column":13},"end":{"line":123,"column":null}},"line":121},"32":{"name":"(anonymous_32)","decl":{"start":{"line":127,"column":4},"end":{"line":127,"column":16}},"loc":{"start":{"line":127,"column":4},"end":{"line":127,"column":46}},"line":127},"33":{"name":"(anonymous_33)","decl":{"start":{"line":128,"column":4},"end":{"line":128,"column":13}},"loc":{"start":{"line":128,"column":13},"end":{"line":131,"column":null}},"line":128},"34":{"name":"(anonymous_34)","decl":{"start":{"line":135,"column":4},"end":{"line":135,"column":16}},"loc":{"start":{"line":135,"column":4},"end":{"line":135,"column":39}},"line":135},"35":{"name":"(anonymous_35)","decl":{"start":{"line":136,"column":4},"end":{"line":136,"column":13}},"loc":{"start":{"line":136,"column":13},"end":{"line":139,"column":6}},"line":136},"36":{"name":"(anonymous_36)","decl":{"start":{"line":140,"column":4},"end":{"line":140,"column":13}},"loc":{"start":{"line":140,"column":17},"end":{"line":143,"column":6}},"line":140},"37":{"name":"(anonymous_37)","decl":{"start":{"line":144,"column":4},"end":{"line":144,"column":13}},"loc":{"start":{"line":144,"column":13},"end":{"line":146,"column":null}},"line":144},"38":{"name":"(anonymous_38)","decl":{"start":{"line":150,"column":4},"end":{"line":150,"column":11}},"loc":{"start":{"line":150,"column":11},"end":{"line":150,"column":88}},"line":150},"39":{"name":"(anonymous_39)","decl":{"start":{"line":151,"column":4},"end":{"line":151,"column":13}},"loc":{"start":{"line":151,"column":13},"end":{"line":154,"column":6}},"line":151},"40":{"name":"(anonymous_40)","decl":{"start":{"line":155,"column":4},"end":{"line":155,"column":13}},"loc":{"start":{"line":155,"column":17},"end":{"line":158,"column":6}},"line":155},"41":{"name":"(anonymous_41)","decl":{"start":{"line":159,"column":4},"end":{"line":159,"column":13}},"loc":{"start":{"line":159,"column":13},"end":{"line":161,"column":null}},"line":159},"42":{"name":"(anonymous_42)","decl":{"start":{"line":165,"column":4},"end":{"line":165,"column":16}},"loc":{"start":{"line":165,"column":4},"end":{"line":165,"column":41}},"line":165},"43":{"name":"(anonymous_43)","decl":{"start":{"line":169,"column":4},"end":{"line":169,"column":16}},"loc":{"start":{"line":169,"column":4},"end":{"line":169,"column":44}},"line":169},"44":{"name":"(anonymous_44)","decl":{"start":{"line":170,"column":4},"end":{"line":170,"column":15}},"loc":{"start":{"line":170,"column":15},"end":{"line":173,"column":null}},"line":170},"45":{"name":"(anonymous_45)","decl":{"start":{"line":177,"column":4},"end":{"line":177,"column":16}},"loc":{"start":{"line":177,"column":4},"end":{"line":177,"column":44}},"line":177},"46":{"name":"(anonymous_46)","decl":{"start":{"line":178,"column":4},"end":{"line":178,"column":13}},"loc":{"start":{"line":178,"column":13},"end":{"line":181,"column":6}},"line":178},"47":{"name":"(anonymous_47)","decl":{"start":{"line":182,"column":4},"end":{"line":182,"column":13}},"loc":{"start":{"line":182,"column":17},"end":{"line":185,"column":6}},"line":182},"48":{"name":"(anonymous_48)","decl":{"start":{"line":186,"column":4},"end":{"line":186,"column":13}},"loc":{"start":{"line":186,"column":13},"end":{"line":188,"column":null}},"line":186},"49":{"name":"(anonymous_49)","decl":{"start":{"line":192,"column":4},"end":{"line":192,"column":19}},"loc":{"start":{"line":192,"column":4},"end":{"line":192,"column":47}},"line":192}},"branchMap":{"0":{"loc":{"start":{"line":150,"column":45},"end":{"line":150,"column":88}},"type":"cond-expr","locations":[{"start":{"line":150,"column":57},"end":{"line":150,"column":83}},{"start":{"line":150,"column":83},"end":{"line":150,"column":88}}],"line":150}},"s":{"0":1,"1":1,"2":1,"3":1,"4":1,"5":1,"6":1,"7":1,"8":1,"9":1,"10":1,"11":1,"12":1,"13":1,"14":1,"15":1,"16":1,"17":1,"18":1,"19":1,"20":1,"21":1,"22":1,"23":1,"24":1,"25":1,"26":1,"27":1,"28":1,"29":1,"30":1,"31":1,"32":1,"33":1,"34":1,"35":1,"36":1,"37":1,"38":1,"39":1,"40":1,"41":1,"42":1,"43":1,"44":1,"45":1,"46":1,"47":1,"48":1,"49":1,"50":1},"f":{"0":1,"1":1,"2":1,"3":1,"4":1,"5":1,"6":1,"7":1,"8":1,"9":1,"10":1,"11":1,"12":1,"13":1,"14":1,"15":1,"16":1,"17":1,"18":1,"19":1,"20":1,"21":1,"22":1,"23":1,"24":1,"25":1,"26":1,"27":1,"28":1,"29":1,"30":1,"31":1,"32":1,"33":1,"34":1,"35":1,"36":1,"37":1,"38":1,"39":1,"40":1,"41":1,"42":1,"43":1,"44":1,"45":1,"46":1,"47":1,"48":1,"49":1},"b":{"0":[1,0]},"meta":{"lastBranch":1,"lastFunction":50,"lastStatement":51,"seen":{"s:3:19:194:Infinity":0,"f:5:4:5:12":0,"s:5:12:8:6":1,"f:12:4:12:19":1,"s:12:4:12:51":2,"f:16:4:16:16":2,"s:16:4:16:39":3,"f:17:4:17:13":3,"s:17:13:20:6":4,"f:21:4:21:13":4,"s:21:17:24:6":5,"f:25:4:25:13":5,"s:25:13:27:Infinity":6,"f:31:4:31:16":6,"s:31:4:31:40":7,"f:32:4:32:13":7,"s:32:13:35:6":8,"f:36:4:36:13":8,"s:36:17:39:6":9,"f:40:4:40:13":9,"s:40:13:42:Infinity":10,"f:46:4:46:16":10,"s:46:4:46:37":11,"f:47:4:47:13":11,"s:47:13:50:6":12,"f:51:4:51:13":12,"s:51:17:54:6":13,"f:55:4:55:13":13,"s:55:13:57:Infinity":14,"f:61:4:61:16":14,"s:61:4:61:36":15,"f:62:4:62:13":15,"s:62:13:65:6":16,"f:66:4:66:13":16,"s:66:17:69:6":17,"f:70:4:70:13":17,"s:70:13:72:6":18,"f:73:4:73:16":18,"s:73:20:76:Infinity":19,"f:80:4:80:16":19,"s:80:4:80:39":20,"f:81:4:81:13":20,"s:81:13:84:6":21,"f:85:4:85:14":21,"s:85:14:87:6":22,"f:88:4:88:13":22,"s:88:13:90:6":23,"f:91:4:91:13":23,"s:91:13:93:Infinity":24,"f:97:4:97:16":24,"s:97:4:97:40":25,"f:98:4:98:13":25,"s:98:13:101:6":26,"f:102:4:102:13":26,"s:102:17:105:6":27,"f:106:4:106:13":27,"s:106:13:108:Infinity":28,"f:112:4:112:16":28,"s:112:4:112:40":29,"f:113:4:113:13":29,"s:113:13:116:6":30,"f:117:4:117:13":30,"s:117:17:120:6":31,"f:121:4:121:13":31,"s:121:13:123:Infinity":32,"f:127:4:127:16":32,"s:127:4:127:46":33,"f:128:4:128:13":33,"s:128:13:131:Infinity":34,"f:135:4:135:16":34,"s:135:4:135:39":35,"f:136:4:136:13":35,"s:136:13:139:6":36,"f:140:4:140:13":36,"s:140:17:143:6":37,"f:144:4:144:13":37,"s:144:13:146:Infinity":38,"f:150:4:150:11":38,"s:150:11:150:88":39,"b:150:57:150:83:150:83:150:88":0,"f:151:4:151:13":39,"s:151:13:154:6":40,"f:155:4:155:13":40,"s:155:17:158:6":41,"f:159:4:159:13":41,"s:159:13:161:Infinity":42,"f:165:4:165:16":42,"s:165:4:165:41":43,"f:169:4:169:16":43,"s:169:4:169:44":44,"f:170:4:170:15":44,"s:170:15:173:Infinity":45,"f:177:4:177:16":45,"s:177:4:177:44":46,"f:178:4:178:13":46,"s:178:13:181:6":47,"f:182:4:182:13":47,"s:182:17:185:6":48,"f:186:4:186:13":48,"s:186:13:188:Infinity":49,"f:192:4:192:19":49,"s:192:4:192:47":50}}}
,"C:\\Users\\rafii\\Downloads\\Project\\automate-erp\\frontend\\src\\components\\Accounting.jsx": {"path":"C:\\Users\\rafii\\Downloads\\Project\\automate-erp\\frontend\\src\\components\\Accounting.jsx","statementMap":{"0":{"start":{"line":6,"column":18},"end":{"line":6,"column":46}},"1":{"start":{"line":7,"column":17},"end":{"line":7,"column":42}},"2":{"start":{"line":8,"column":19},"end":{"line":8,"column":46}},"3":{"start":{"line":9,"column":20},"end":{"line":9,"column":50}},"4":{"start":{"line":10,"column":16},"end":{"line":10,"column":42}},"5":{"start":{"line":12,"column":2},"end":{"line":31,"column":null}},"6":{"start":{"line":13,"column":22},"end":{"line":27,"column":null}},"7":{"start":{"line":14,"column":6},"end":{"line":14,"column":null}},"8":{"start":{"line":15,"column":6},"end":{"line":27,"column":null}},"9":{"start":{"line":16,"column":35},"end":{"line":20,"column":10}},"10":{"start":{"line":21,"column":8},"end":{"line":21,"column":null}},"11":{"start":{"line":22,"column":8},"end":{"line":22,"column":null}},"12":{"start":{"line":23,"column":8},"end":{"line":23,"column":null}},"13":{"start":{"line":25,"column":8},"end":{"line":25,"column":null}},"14":{"start":{"line":27,"column":8},"end":{"line":27,"column":null}},"15":{"start":{"line":30,"column":4},"end":{"line":30,"column":null}},"16":{"start":{"line":33,"column":8},"end":{"line":33,"column":112}},"17":{"start":{"line":33,"column":32},"end":{"line":33,"column":112}},"18":{"start":{"line":35,"column":25},"end":{"line":35,"column":null}},"19":{"start":{"line":38,"column":8},"end":{"line":58,"column":24}},"20":{"start":{"line":39,"column":27},"end":{"line":46,"column":7}},"21":{"start":{"line":39,"column":44},"end":{"line":46,"column":7}},"22":{"start":{"line":48,"column":27},"end":{"line":55,"column":7}},"23":{"start":{"line":48,"column":46},"end":{"line":55,"column":7}},"24":{"start":{"line":57,"column":4},"end":{"line":57,"column":null}},"25":{"start":{"line":57,"column":65},"end":{"line":57,"column":100}},"26":{"start":{"line":60,"column":24},"end":{"line":60,"column":88}},"27":{"start":{"line":60,"column":55},"end":{"line":60,"column":84}},"28":{"start":{"line":61,"column":20},"end":{"line":61,"column":null}},"29":{"start":{"line":63,"column":2},"end":{"line":70,"column":null}},"30":{"start":{"line":64,"column":4},"end":{"line":70,"column":null}},"31":{"start":{"line":74,"column":2},"end":{"line":185,"column":null}},"32":{"start":{"line":158,"column":18},"end":{"line":173,"column":null}}},"fnMap":{"0":{"name":"Accounting","decl":{"start":{"line":5,"column":24},"end":{"line":5,"column":37}},"loc":{"start":{"line":5,"column":37},"end":{"line":185,"column":null}},"line":5},"1":{"name":"(anonymous_1)","decl":{"start":{"line":12,"column":2},"end":{"line":12,"column":18}},"loc":{"start":{"line":12,"column":18},"end":{"line":31,"column":7}},"line":12},"2":{"name":"(anonymous_2)","decl":{"start":{"line":13,"column":22},"end":{"line":13,"column":34}},"loc":{"start":{"line":13,"column":34},"end":{"line":27,"column":null}},"line":13},"3":{"name":"(anonymous_3)","decl":{"start":{"line":33,"column":8},"end":{"line":33,"column":26}},"loc":{"start":{"line":33,"column":32},"end":{"line":33,"column":112}},"line":33},"4":{"name":"(anonymous_4)","decl":{"start":{"line":38,"column":24},"end":{"line":38,"column":38}},"loc":{"start":{"line":38,"column":38},"end":{"line":58,"column":6}},"line":38},"5":{"name":"(anonymous_5)","decl":{"start":{"line":39,"column":34},"end":{"line":39,"column":38}},"loc":{"start":{"line":39,"column":44},"end":{"line":46,"column":7}},"line":39},"6":{"name":"(anonymous_6)","decl":{"start":{"line":48,"column":36},"end":{"line":48,"column":40}},"loc":{"start":{"line":48,"column":46},"end":{"line":55,"column":7}},"line":48},"7":{"name":"(anonymous_7)","decl":{"start":{"line":57,"column":50},"end":{"line":57,"column":56}},"loc":{"start":{"line":57,"column":65},"end":{"line":57,"column":100}},"line":57},"8":{"name":"(anonymous_8)","decl":{"start":{"line":60,"column":33},"end":{"line":60,"column":41}},"loc":{"start":{"line":60,"column":55},"end":{"line":60,"column":84}},"line":60},"9":{"name":"(anonymous_9)","decl":{"start":{"line":157,"column":58},"end":{"line":157,"column":63}},"loc":{"start":{"line":158,"column":18},"end":{"line":173,"column":null}},"line":158}},"branchMap":{"0":{"loc":{"start":{"line":35,"column":25},"end":{"line":35,"column":null}},"type":"binary-expr","locations":[{"start":{"line":35,"column":25},"end":{"line":35,"column":36}},{"start":{"line":35,"column":36},"end":{"line":35,"column":null}}],"line":35},"1":{"loc":{"start":{"line":50,"column":21},"end":{"line":50,"column":49}},"type":"binary-expr","locations":[{"start":{"line":50,"column":21},"end":{"line":50,"column":39}},{"start":{"line":50,"column":39},"end":{"line":50,"column":49}}],"line":50},"2":{"loc":{"start":{"line":63,"column":2},"end":{"line":70,"column":null}},"type":"if","locations":[{"start":{"line":63,"column":2},"end":{"line":70,"column":null}},{"start":{},"end":{}}],"line":63},"3":{"loc":{"start":{"line":95,"column":9},"end":{"line":98,"column":null}},"type":"binary-expr","locations":[{"start":{"line":95,"column":9},"end":{"line":95,"column":null}},{"start":{"line":96,"column":10},"end":{"line":98,"column":null}}],"line":95},"4":{"loc":{"start":{"line":157,"column":17},"end":{"line":177,"column":null}},"type":"cond-expr","locations":[{"start":{"line":157,"column":44},"end":{"line":173,"column":null}},{"start":{"line":175,"column":18},"end":{"line":177,"column":null}}],"line":157},"5":{"loc":{"start":{"line":163,"column":24},"end":{"line":165,"column":null}},"type":"cond-expr","locations":[{"start":{"line":164,"column":28},"end":{"line":164,"column":null}},{"start":{"line":165,"column":28},"end":{"line":165,"column":null}}],"line":163},"6":{"loc":{"start":{"line":170,"column":69},"end":{"line":170,"column":null}},"type":"cond-expr","locations":[{"start":{"line":170,"column":96},"end":{"line":170,"column":117}},{"start":{"line":170,"column":117},"end":{"line":170,"column":null}}],"line":170},"7":{"loc":{"start":{"line":171,"column":23},"end":{"line":171,"column":60}},"type":"cond-expr","locations":[{"start":{"line":171,"column":50},"end":{"line":171,"column":56}},{"start":{"line":171,"column":56},"end":{"line":171,"column":60}}],"line":171}},"s":{"0":6,"1":6,"2":6,"3":6,"4":6,"5":6,"6":3,"7":3,"8":3,"9":3,"10":2,"11":2,"12":2,"13":1,"14":3,"15":3,"16":6,"17":13,"18":6,"19":6,"20":5,"21":2,"22":5,"23":2,"24":5,"25":2,"26":6,"27":2,"28":6,"29":6,"30":3,"31":3,"32":4},"f":{"0":6,"1":3,"2":3,"3":13,"4":5,"5":2,"6":2,"7":2,"8":2,"9":4},"b":{"0":[6,4],"1":[2,0],"2":[3,3],"3":[3,1],"4":[2,1],"5":[2,2],"6":[2,2],"7":[2,2]},"meta":{"lastBranch":8,"lastFunction":10,"lastStatement":33,"seen":{"f:5:24:5:37":0,"s:6:18:6:46":0,"s:7:17:7:42":1,"s:8:19:8:46":2,"s:9:20:9:50":3,"s:10:16:10:42":4,"s:12:2:31:Infinity":5,"f:12:2:12:18":1,"s:13:22:27:Infinity":6,"f:13:22:13:34":2,"s:14:6:14:Infinity":7,"s:15:6:27:Infinity":8,"s:16:35:20:10":9,"s:21:8:21:Infinity":10,"s:22:8:22:Infinity":11,"s:23:8:23:Infinity":12,"s:25:8:25:Infinity":13,"s:27:8:27:Infinity":14,"s:30:4:30:Infinity":15,"s:33:8:33:112":16,"f:33:8:33:26":3,"s:33:32:33:112":17,"s:35:25:35:Infinity":18,"b:35:25:35:36:35:36:35:Infinity":0,"s:38:8:58:24":19,"f:38:24:38:38":4,"s:39:27:46:7":20,"f:39:34:39:38":5,"s:39:44:46:7":21,"s:48:27:55:7":22,"f:48:36:48:40":6,"s:48:46:55:7":23,"b:50:21:50:39:50:39:50:49":1,"s:57:4:57:Infinity":24,"f:57:50:57:56":7,"s:57:65:57:100":25,"s:60:24:60:88":26,"f:60:33:60:41":8,"s:60:55:60:84":27,"s:61:20:61:Infinity":28,"b:63:2:70:Infinity:undefined:undefined:undefined:undefined":2,"s:63:2:70:Infinity":29,"s:64:4:70:Infinity":30,"s:74:2:185:Infinity":31,"b:95:9:95:Infinity:96:10:98:Infinity":3,"b:157:44:173:Infinity:175:18:177:Infinity":4,"f:157:58:157:63":9,"s:158:18:173:Infinity":32,"b:164:28:164:Infinity:165:28:165:Infinity":5,"b:170:96:170:117:170:117:170:Infinity":6,"b:171:50:171:56:171:56:171:60":7}}}
,"C:\\Users\\rafii\\Downloads\\Project\\automate-erp\\frontend\\src\\components\\Customers.jsx": {"path":"C:\\Users\\rafii\\Downloads\\Project\\automate-erp\\frontend\\src\\components\\Customers.jsx","statementMap":{"0":{"start":{"line":6,"column":20},"end":{"line":6,"column":48}},"1":{"start":{"line":7,"column":21},"end":{"line":7,"column":50}},"2":{"start":{"line":8,"column":20},"end":{"line":8,"column":50}},"3":{"start":{"line":9,"column":16},"end":{"line":9,"column":42}},"4":{"start":{"line":11,"column":22},"end":{"line":11,"column":55}},"5":{"start":{"line":12,"column":20},"end":{"line":12,"column":50}},"6":{"start":{"line":13,"column":19},"end":{"line":13,"column":108}},"7":{"start":{"line":15,"column":25},"end":{"line":23,"column":null}},"8":{"start":{"line":16,"column":4},"end":{"line":16,"column":null}},"9":{"start":{"line":17,"column":4},"end":{"line":23,"column":null}},"10":{"start":{"line":18,"column":19},"end":{"line":18,"column":45}},"11":{"start":{"line":19,"column":6},"end":{"line":19,"column":null}},"12":{"start":{"line":21,"column":6},"end":{"line":21,"column":null}},"13":{"start":{"line":23,"column":6},"end":{"line":23,"column":null}},"14":{"start":{"line":27,"column":2},"end":{"line":29,"column":null}},"15":{"start":{"line":28,"column":4},"end":{"line":28,"column":null}},"16":{"start":{"line":31,"column":8},"end":{"line":31,"column":116}},"17":{"start":{"line":31,"column":34},"end":{"line":31,"column":116}},"18":{"start":{"line":33,"column":28},"end":{"line":36,"column":null}},"19":{"start":{"line":34,"column":4},"end":{"line":36,"column":60}},"20":{"start":{"line":39,"column":23},"end":{"line":39,"column":null}},"21":{"start":{"line":40,"column":8},"end":{"line":40,"column":null}},"22":{"start":{"line":40,"column":35},"end":{"line":40,"column":null}},"23":{"start":{"line":42,"column":23},"end":{"line":48,"column":null}},"24":{"start":{"line":43,"column":4},"end":{"line":43,"column":null}},"25":{"start":{"line":43,"column":75},"end":{"line":43,"column":null}},"26":{"start":{"line":44,"column":4},"end":{"line":48,"column":null}},"27":{"start":{"line":45,"column":6},"end":{"line":45,"column":null}},"28":{"start":{"line":46,"column":6},"end":{"line":46,"column":null}},"29":{"start":{"line":46,"column":41},"end":{"line":46,"column":53}},"30":{"start":{"line":48,"column":6},"end":{"line":48,"column":null}},"31":{"start":{"line":52,"column":8},"end":{"line":55,"column":null}},"32":{"start":{"line":53,"column":4},"end":{"line":53,"column":null}},"33":{"start":{"line":54,"column":4},"end":{"line":54,"column":null}},"34":{"start":{"line":55,"column":4},"end":{"line":55,"column":null}},"35":{"start":{"line":58,"column":8},"end":{"line":61,"column":null}},"36":{"start":{"line":59,"column":4},"end":{"line":59,"column":null}},"37":{"start":{"line":60,"column":4},"end":{"line":60,"column":null}},"38":{"start":{"line":61,"column":4},"end":{"line":61,"column":null}},"39":{"start":{"line":64,"column":21},"end":{"line":83,"column":null}},"40":{"start":{"line":65,"column":4},"end":{"line":65,"column":null}},"41":{"start":{"line":66,"column":4},"end":{"line":66,"column":null}},"42":{"start":{"line":66,"column":43},"end":{"line":66,"column":null}},"43":{"start":{"line":68,"column":4},"end":{"line":83,"column":null}},"44":{"start":{"line":69,"column":22},"end":{"line":72,"column":null}},"45":{"start":{"line":74,"column":6},"end":{"line":79,"column":null}},"46":{"start":{"line":75,"column":24},"end":{"line":75,"column":70}},"47":{"start":{"line":76,"column":8},"end":{"line":76,"column":null}},"48":{"start":{"line":76,"column":40},"end":{"line":76,"column":73}},"49":{"start":{"line":78,"column":24},"end":{"line":78,"column":59}},"50":{"start":{"line":79,"column":8},"end":{"line":79,"column":null}},"51":{"start":{"line":81,"column":6},"end":{"line":81,"column":null}},"52":{"start":{"line":83,"column":6},"end":{"line":83,"column":null}},"53":{"start":{"line":87,"column":2},"end":{"line":94,"column":null}},"54":{"start":{"line":88,"column":4},"end":{"line":94,"column":null}},"55":{"start":{"line":98,"column":2},"end":{"line":257,"column":null}},"56":{"start":{"line":136,"column":31},"end":{"line":136,"column":null}},"57":{"start":{"line":156,"column":18},"end":{"line":198,"column":null}},"58":{"start":{"line":190,"column":47},"end":{"line":190,"column":70}},"59":{"start":{"line":193,"column":47},"end":{"line":193,"column":72}},"60":{"start":{"line":212,"column":111},"end":{"line":212,"column":140}},"61":{"start":{"line":220,"column":37},"end":{"line":220,"column":58}},"62":{"start":{"line":229,"column":91},"end":{"line":229,"column":139}},"63":{"start":{"line":233,"column":97},"end":{"line":233,"column":148}},"64":{"start":{"line":240,"column":94},"end":{"line":240,"column":143}},"65":{"start":{"line":244,"column":92},"end":{"line":244,"column":141}},"66":{"start":{"line":250,"column":112},"end":{"line":250,"column":167}},"67":{"start":{"line":254,"column":53},"end":{"line":254,"column":74}}},"fnMap":{"0":{"name":"Customers","decl":{"start":{"line":5,"column":24},"end":{"line":5,"column":36}},"loc":{"start":{"line":5,"column":36},"end":{"line":257,"column":null}},"line":5},"1":{"name":"(anonymous_1)","decl":{"start":{"line":15,"column":25},"end":{"line":15,"column":37}},"loc":{"start":{"line":15,"column":37},"end":{"line":23,"column":null}},"line":15},"2":{"name":"(anonymous_2)","decl":{"start":{"line":27,"column":2},"end":{"line":27,"column":18}},"loc":{"start":{"line":27,"column":18},"end":{"line":29,"column":7}},"line":27},"3":{"name":"(anonymous_3)","decl":{"start":{"line":31,"column":8},"end":{"line":31,"column":26}},"loc":{"start":{"line":31,"column":34},"end":{"line":31,"column":116}},"line":31},"4":{"name":"(anonymous_4)","decl":{"start":{"line":33,"column":38},"end":{"line":33,"column":45}},"loc":{"start":{"line":34,"column":4},"end":{"line":36,"column":60}},"line":34},"5":{"name":"(anonymous_5)","decl":{"start":{"line":40,"column":8},"end":{"line":40,"column":26}},"loc":{"start":{"line":40,"column":35},"end":{"line":40,"column":null}},"line":40},"6":{"name":"(anonymous_6)","decl":{"start":{"line":42,"column":23},"end":{"line":42,"column":30}},"loc":{"start":{"line":42,"column":37},"end":{"line":48,"column":null}},"line":42},"7":{"name":"(anonymous_7)","decl":{"start":{"line":46,"column":29},"end":{"line":46,"column":36}},"loc":{"start":{"line":46,"column":41},"end":{"line":46,"column":53}},"line":46},"8":{"name":"(anonymous_8)","decl":{"start":{"line":52,"column":8},"end":{"line":52,"column":32}},"loc":{"start":{"line":52,"column":32},"end":{"line":55,"column":null}},"line":52},"9":{"name":"(anonymous_9)","decl":{"start":{"line":58,"column":8},"end":{"line":58,"column":25}},"loc":{"start":{"line":58,"column":34},"end":{"line":61,"column":null}},"line":58},"10":{"name":"(anonymous_10)","decl":{"start":{"line":64,"column":21},"end":{"line":64,"column":28}},"loc":{"start":{"line":64,"column":34},"end":{"line":83,"column":null}},"line":64},"11":{"name":"(anonymous_11)","decl":{"start":{"line":76,"column":31},"end":{"line":76,"column":35}},"loc":{"start":{"line":76,"column":40},"end":{"line":76,"column":73}},"line":76},"12":{"name":"(anonymous_12)","decl":{"start":{"line":136,"column":14},"end":{"line":136,"column":25}},"loc":{"start":{"line":136,"column":31},"end":{"line":136,"column":null}},"line":136},"13":{"name":"(anonymous_13)","decl":{"start":{"line":155,"column":66},"end":{"line":155,"column":71}},"loc":{"start":{"line":156,"column":18},"end":{"line":198,"column":null}},"line":156},"14":{"name":"(anonymous_14)","decl":{"start":{"line":190,"column":32},"end":{"line":190,"column":47}},"loc":{"start":{"line":190,"column":47},"end":{"line":190,"column":70}},"line":190},"15":{"name":"(anonymous_15)","decl":{"start":{"line":193,"column":32},"end":{"line":193,"column":47}},"loc":{"start":{"line":193,"column":47},"end":{"line":193,"column":72}},"line":193},"16":{"name":"(anonymous_16)","decl":{"start":{"line":212,"column":96},"end":{"line":212,"column":111}},"loc":{"start":{"line":212,"column":111},"end":{"line":212,"column":140}},"line":212},"17":{"name":"(anonymous_17)","decl":{"start":{"line":220,"column":22},"end":{"line":220,"column":37}},"loc":{"start":{"line":220,"column":37},"end":{"line":220,"column":58}},"line":220},"18":{"name":"(anonymous_18)","decl":{"start":{"line":229,"column":74},"end":{"line":229,"column":85}},"loc":{"start":{"line":229,"column":91},"end":{"line":229,"column":139}},"line":229},"19":{"name":"(anonymous_19)","decl":{"start":{"line":233,"column":80},"end":{"line":233,"column":91}},"loc":{"start":{"line":233,"column":97},"end":{"line":233,"column":148}},"line":233},"20":{"name":"(anonymous_20)","decl":{"start":{"line":240,"column":77},"end":{"line":240,"column":88}},"loc":{"start":{"line":240,"column":94},"end":{"line":240,"column":143}},"line":240},"21":{"name":"(anonymous_21)","decl":{"start":{"line":244,"column":75},"end":{"line":244,"column":86}},"loc":{"start":{"line":244,"column":92},"end":{"line":244,"column":141}},"line":244},"22":{"name":"(anonymous_22)","decl":{"start":{"line":250,"column":95},"end":{"line":250,"column":106}},"loc":{"start":{"line":250,"column":112},"end":{"line":250,"column":167}},"line":250},"23":{"name":"(anonymous_23)","decl":{"start":{"line":254,"column":38},"end":{"line":254,"column":53}},"loc":{"start":{"line":254,"column":53},"end":{"line":254,"column":74}},"line":254}},"branchMap":{"0":{"loc":{"start":{"line":34,"column":4},"end":{"line":36,"column":60}},"type":"binary-expr","locations":[{"start":{"line":34,"column":4},"end":{"line":34,"column":59}},{"start":{"line":35,"column":5},"end":{"line":35,"column":18}},{"start":{"line":35,"column":18},"end":{"line":35,"column":76}},{"start":{"line":36,"column":4},"end":{"line":36,"column":60}}],"line":34},"1":{"loc":{"start":{"line":43,"column":4},"end":{"line":43,"column":null}},"type":"if","locations":[{"start":{"line":43,"column":4},"end":{"line":43,"column":null}},{"start":{},"end":{}}],"line":43},"2":{"loc":{"start":{"line":59,"column":44},"end":{"line":59,"column":64}},"type":"binary-expr","locations":[{"start":{"line":59,"column":44},"end":{"line":59,"column":60}},{"start":{"line":59,"column":60},"end":{"line":59,"column":64}}],"line":59},"3":{"loc":{"start":{"line":59,"column":90},"end":{"line":59,"column":108}},"type":"binary-expr","locations":[{"start":{"line":59,"column":90},"end":{"line":59,"column":104}},{"start":{"line":59,"column":104},"end":{"line":59,"column":108}}],"line":59},"4":{"loc":{"start":{"line":66,"column":4},"end":{"line":66,"column":null}},"type":"if","locations":[{"start":{"line":66,"column":4},"end":{"line":66,"column":null}},{"start":{},"end":{}}],"line":66},"5":{"loc":{"start":{"line":66,"column":8},"end":{"line":66,"column":43}},"type":"binary-expr","locations":[{"start":{"line":66,"column":8},"end":{"line":66,"column":26}},{"start":{"line":66,"column":26},"end":{"line":66,"column":43}}],"line":66},"6":{"loc":{"start":{"line":74,"column":6},"end":{"line":79,"column":null}},"type":"if","locations":[{"start":{"line":74,"column":6},"end":{"line":79,"column":null}},{"start":{"line":77,"column":13},"end":{"line":79,"column":null}}],"line":74},"7":{"loc":{"start":{"line":76,"column":40},"end":{"line":76,"column":73}},"type":"cond-expr","locations":[{"start":{"line":76,"column":61},"end":{"line":76,"column":71}},{"start":{"line":76,"column":71},"end":{"line":76,"column":73}}],"line":76},"8":{"loc":{"start":{"line":83,"column":12},"end":{"line":83,"column":54}},"type":"binary-expr","locations":[{"start":{"line":83,"column":12},"end":{"line":83,"column":27}},{"start":{"line":83,"column":27},"end":{"line":83,"column":54}}],"line":83},"9":{"loc":{"start":{"line":87,"column":2},"end":{"line":94,"column":null}},"type":"if","locations":[{"start":{"line":87,"column":2},"end":{"line":94,"column":null}},{"start":{},"end":{}}],"line":87},"10":{"loc":{"start":{"line":119,"column":9},"end":{"line":123,"column":null}},"type":"binary-expr","locations":[{"start":{"line":119,"column":9},"end":{"line":119,"column":null}},{"start":{"line":120,"column":10},"end":{"line":123,"column":null}}],"line":119},"11":{"loc":{"start":{"line":155,"column":17},"end":{"line":200,"column":null}},"type":"cond-expr","locations":[{"start":{"line":155,"column":48},"end":{"line":198,"column":null}},{"start":{"line":200,"column":19},"end":{"line":200,"column":null}}],"line":155},"12":{"loc":{"start":{"line":164,"column":87},"end":{"line":164,"column":131}},"type":"binary-expr","locations":[{"start":{"line":164,"column":87},"end":{"line":164,"column":107}},{"start":{"line":164,"column":107},"end":{"line":164,"column":131}}],"line":164},"13":{"loc":{"start":{"line":174,"column":25},"end":{"line":177,"column":null}},"type":"binary-expr","locations":[{"start":{"line":174,"column":25},"end":{"line":174,"column":null}},{"start":{"line":175,"column":26},"end":{"line":177,"column":null}}],"line":174},"14":{"loc":{"start":{"line":210,"column":7},"end":{"line":257,"column":null}},"type":"binary-expr","locations":[{"start":{"line":210,"column":7},"end":{"line":210,"column":null}},{"start":{"line":211,"column":8},"end":{"line":257,"column":null}}],"line":210},"15":{"loc":{"start":{"line":218,"column":17},"end":{"line":218,"column":null}},"type":"cond-expr","locations":[{"start":{"line":218,"column":29},"end":{"line":218,"column":47}},{"start":{"line":218,"column":47},"end":{"line":218,"column":null}}],"line":218},"16":{"loc":{"start":{"line":256,"column":19},"end":{"line":256,"column":null}},"type":"cond-expr","locations":[{"start":{"line":256,"column":31},"end":{"line":256,"column":48}},{"start":{"line":256,"column":48},"end":{"line":256,"column":null}}],"line":256}},"s":{"0":26,"1":26,"2":26,"3":26,"4":26,"5":26,"6":26,"7":26,"8":8,"9":8,"10":8,"11":7,"12":1,"13":8,"14":26,"15":8,"16":26,"17":31,"18":26,"19":34,"20":26,"21":26,"22":31,"23":26,"24":1,"25":0,"26":1,"27":1,"28":1,"29":2,"30":0,"31":26,"32":1,"33":1,"34":1,"35":26,"36":1,"37":1,"38":1,"39":26,"40":2,"41":2,"42":0,"43":2,"44":2,"45":2,"46":1,"47":1,"48":2,"49":1,"50":1,"51":2,"52":0,"53":26,"54":8,"55":18,"56":2,"57":31,"58":1,"59":1,"60":0,"61":0,"62":2,"63":0,"64":1,"65":0,"66":0,"67":0},"f":{"0":26,"1":8,"2":8,"3":31,"4":34,"5":31,"6":1,"7":2,"8":1,"9":1,"10":2,"11":2,"12":2,"13":31,"14":1,"15":1,"16":0,"17":0,"18":2,"19":0,"20":1,"21":0,"22":0,"23":0},"b":{"0":[34,3,2,3],"1":[0,1],"2":[1,0],"3":[1,0],"4":[0,2],"5":[2,2],"6":[1,1],"7":[1,1],"8":[0,0],"9":[8,18],"10":[18,1],"11":[16,2],"12":[31,17],"13":[31,14],"14":[26,5],"15":[2,3],"16":[2,3]},"meta":{"lastBranch":17,"lastFunction":24,"lastStatement":68,"seen":{"f:5:24:5:36":0,"s:6:20:6:48":0,"s:7:21:7:50":1,"s:8:20:8:50":2,"s:9:16:9:42":3,"s:11:22:11:55":4,"s:12:20:12:50":5,"s:13:19:13:108":6,"s:15:25:23:Infinity":7,"f:15:25:15:37":1,"s:16:4:16:Infinity":8,"s:17:4:23:Infinity":9,"s:18:19:18:45":10,"s:19:6:19:Infinity":11,"s:21:6:21:Infinity":12,"s:23:6:23:Infinity":13,"s:27:2:29:Infinity":14,"f:27:2:27:18":2,"s:28:4:28:Infinity":15,"s:31:8:31:116":16,"f:31:8:31:26":3,"s:31:34:31:116":17,"s:33:28:36:Infinity":18,"f:33:38:33:45":4,"s:34:4:36:60":19,"b:34:4:34:59:35:5:35:18:35:18:35:76:36:4:36:60":0,"s:39:23:39:Infinity":20,"s:40:8:40:Infinity":21,"f:40:8:40:26":5,"s:40:35:40:Infinity":22,"s:42:23:48:Infinity":23,"f:42:23:42:30":6,"b:43:4:43:Infinity:undefined:undefined:undefined:undefined":1,"s:43:4:43:Infinity":24,"s:43:75:43:Infinity":25,"s:44:4:48:Infinity":26,"s:45:6:45:Infinity":27,"s:46:6:46:Infinity":28,"f:46:29:46:36":7,"s:46:41:46:53":29,"s:48:6:48:Infinity":30,"s:52:8:55:Infinity":31,"f:52:8:52:32":8,"s:53:4:53:Infinity":32,"s:54:4:54:Infinity":33,"s:55:4:55:Infinity":34,"s:58:8:61:Infinity":35,"f:58:8:58:25":9,"s:59:4:59:Infinity":36,"b:59:44:59:60:59:60:59:64":2,"b:59:90:59:104:59:104:59:108":3,"s:60:4:60:Infinity":37,"s:61:4:61:Infinity":38,"s:64:21:83:Infinity":39,"f:64:21:64:28":10,"s:65:4:65:Infinity":40,"b:66:4:66:Infinity:undefined:undefined:undefined:undefined":4,"s:66:4:66:Infinity":41,"b:66:8:66:26:66:26:66:43":5,"s:66:43:66:Infinity":42,"s:68:4:83:Infinity":43,"s:69:22:72:Infinity":44,"b:74:6:79:Infinity:77:13:79:Infinity":6,"s:74:6:79:Infinity":45,"s:75:24:75:70":46,"s:76:8:76:Infinity":47,"f:76:31:76:35":11,"s:76:40:76:73":48,"b:76:61:76:71:76:71:76:73":7,"s:78:24:78:59":49,"s:79:8:79:Infinity":50,"s:81:6:81:Infinity":51,"s:83:6:83:Infinity":52,"b:83:12:83:27:83:27:83:54":8,"b:87:2:94:Infinity:undefined:undefined:undefined:undefined":9,"s:87:2:94:Infinity":53,"s:88:4:94:Infinity":54,"s:98:2:257:Infinity":55,"b:119:9:119:Infinity:120:10:123:Infinity":10,"f:136:14:136:25":12,"s:136:31:136:Infinity":56,"b:155:48:198:Infinity:200:19:200:Infinity":11,"f:155:66:155:71":13,"s:156:18:198:Infinity":57,"b:164:87:164:107:164:107:164:131":12,"b:174:25:174:Infinity:175:26:177:Infinity":13,"f:190:32:190:47":14,"s:190:47:190:70":58,"f:193:32:193:47":15,"s:193:47:193:72":59,"b:210:7:210:Infinity:211:8:257:Infinity":14,"f:212:96:212:111":16,"s:212:111:212:140":60,"b:218:29:218:47:218:47:218:Infinity":15,"f:220:22:220:37":17,"s:220:37:220:58":61,"f:229:74:229:85":18,"s:229:91:229:139":62,"f:233:80:233:91":19,"s:233:97:233:148":63,"f:240:77:240:88":20,"s:240:94:240:143":64,"f:244:75:244:86":21,"s:244:92:244:141":65,"f:250:95:250:106":22,"s:250:112:250:167":66,"f:254:38:254:53":23,"s:254:53:254:74":67,"b:256:31:256:48:256:48:256:Infinity":16}}}
,"C:\\Users\\rafii\\Downloads\\Project\\automate-erp\\frontend\\src\\components\\Dashboard.jsx": {"path":"C:\\Users\\rafii\\Downloads\\Project\\automate-erp\\frontend\\src\\components\\Dashboard.jsx","statementMap":{"0":{"start":{"line":13,"column":18},"end":{"line":13,"column":46}},"1":{"start":{"line":14,"column":20},"end":{"line":14,"column":50}},"2":{"start":{"line":15,"column":17},"end":{"line":15,"column":47}},"3":{"start":{"line":17,"column":2},"end":{"line":30,"column":null}},"4":{"start":{"line":18,"column":25},"end":{"line":26,"column":null}},"5":{"start":{"line":19,"column":6},"end":{"line":19,"column":null}},"6":{"start":{"line":20,"column":6},"end":{"line":26,"column":null}},"7":{"start":{"line":21,"column":21},"end":{"line":21,"column":50}},"8":{"start":{"line":22,"column":8},"end":{"line":22,"column":null}},"9":{"start":{"line":24,"column":8},"end":{"line":24,"column":null}},"10":{"start":{"line":26,"column":8},"end":{"line":26,"column":null}},"11":{"start":{"line":29,"column":4},"end":{"line":29,"column":null}},"12":{"start":{"line":32,"column":8},"end":{"line":32,"column":138}},"13":{"start":{"line":32,"column":32},"end":{"line":32,"column":138}},"14":{"start":{"line":34,"column":2},"end":{"line":41,"column":null}},"15":{"start":{"line":35,"column":4},"end":{"line":41,"column":null}},"16":{"start":{"line":46,"column":25},"end":{"line":54,"column":null}},"17":{"start":{"line":56,"column":25},"end":{"line":61,"column":null}},"18":{"start":{"line":63,"column":23},"end":{"line":67,"column":null}},"19":{"start":{"line":69,"column":22},"end":{"line":73,"column":null}},"20":{"start":{"line":75,"column":25},"end":{"line":77,"column":null}},"21":{"start":{"line":80,"column":2},"end":{"line":344,"column":null}},"22":{"start":{"line":92,"column":14},"end":{"line":94,"column":null}},"23":{"start":{"line":92,"column":45},"end":{"line":92,"column":57}},"24":{"start":{"line":111,"column":35},"end":{"line":111,"column":72}},"25":{"start":{"line":118,"column":31},"end":{"line":118,"column":69}},"26":{"start":{"line":136,"column":18},"end":{"line":143,"column":null}},"27":{"start":{"line":156,"column":14},"end":{"line":164,"column":null}},"28":{"start":{"line":156,"column":43},"end":{"line":156,"column":78}},"29":{"start":{"line":179,"column":37},"end":{"line":179,"column":70}},"30":{"start":{"line":184,"column":18},"end":{"line":192,"column":null}},"31":{"start":{"line":205,"column":37},"end":{"line":205,"column":75}},"32":{"start":{"line":210,"column":34},"end":{"line":210,"column":84}},"33":{"start":{"line":211,"column":36},"end":{"line":211,"column":null}},"34":{"start":{"line":212,"column":18},"end":{"line":226,"column":null}},"35":{"start":{"line":245,"column":37},"end":{"line":245,"column":74}},"36":{"start":{"line":259,"column":20},"end":{"line":283,"column":null}},"37":{"start":{"line":266,"column":45},"end":{"line":266,"column":82}},"38":{"start":{"line":267,"column":42},"end":{"line":267,"column":125}},"39":{"start":{"line":301,"column":31},"end":{"line":301,"column":null}},"40":{"start":{"line":302,"column":34},"end":{"line":302,"column":null}},"41":{"start":{"line":303,"column":31},"end":{"line":303,"column":89}},"42":{"start":{"line":305,"column":18},"end":{"line":334,"column":null}},"43":{"start":{"line":309,"column":39},"end":{"line":309,"column":89}},"44":{"start":{"line":310,"column":36},"end":{"line":310,"column":132}},"45":{"start":{"line":319,"column":41},"end":{"line":319,"column":91}},"46":{"start":{"line":320,"column":38},"end":{"line":320,"column":134}}},"fnMap":{"0":{"name":"Dashboard","decl":{"start":{"line":12,"column":24},"end":{"line":12,"column":34}},"loc":{"start":{"line":12,"column":50},"end":{"line":344,"column":null}},"line":12},"1":{"name":"(anonymous_1)","decl":{"start":{"line":17,"column":2},"end":{"line":17,"column":18}},"loc":{"start":{"line":17,"column":18},"end":{"line":30,"column":7}},"line":17},"2":{"name":"(anonymous_2)","decl":{"start":{"line":18,"column":25},"end":{"line":18,"column":37}},"loc":{"start":{"line":18,"column":37},"end":{"line":26,"column":null}},"line":18},"3":{"name":"(anonymous_3)","decl":{"start":{"line":32,"column":8},"end":{"line":32,"column":26}},"loc":{"start":{"line":32,"column":32},"end":{"line":32,"column":138}},"line":32},"4":{"name":"(anonymous_4)","decl":{"start":{"line":91,"column":39},"end":{"line":91,"column":43}},"loc":{"start":{"line":92,"column":14},"end":{"line":94,"column":null}},"line":92},"5":{"name":"(anonymous_5)","decl":{"start":{"line":92,"column":30},"end":{"line":92,"column":45}},"loc":{"start":{"line":92,"column":45},"end":{"line":92,"column":57}},"line":92},"6":{"name":"(anonymous_6)","decl":{"start":{"line":111,"column":20},"end":{"line":111,"column":35}},"loc":{"start":{"line":111,"column":35},"end":{"line":111,"column":72}},"line":111},"7":{"name":"(anonymous_7)","decl":{"start":{"line":118,"column":16},"end":{"line":118,"column":31}},"loc":{"start":{"line":118,"column":31},"end":{"line":118,"column":69}},"line":118},"8":{"name":"(anonymous_8)","decl":{"start":{"line":135,"column":46},"end":{"line":135,"column":51}},"loc":{"start":{"line":136,"column":18},"end":{"line":143,"column":null}},"line":136},"9":{"name":"(anonymous_9)","decl":{"start":{"line":155,"column":14},"end":{"line":155,"column":19}},"loc":{"start":{"line":156,"column":14},"end":{"line":164,"column":null}},"line":156},"10":{"name":"(anonymous_10)","decl":{"start":{"line":156,"column":28},"end":{"line":156,"column":43}},"loc":{"start":{"line":156,"column":43},"end":{"line":156,"column":78}},"line":156},"11":{"name":"(anonymous_11)","decl":{"start":{"line":179,"column":22},"end":{"line":179,"column":37}},"loc":{"start":{"line":179,"column":37},"end":{"line":179,"column":70}},"line":179},"12":{"name":"(anonymous_12)","decl":{"start":{"line":183,"column":32},"end":{"line":183,"column":37}},"loc":{"start":{"line":184,"column":18},"end":{"line":192,"column":null}},"line":184},"13":{"name":"(anonymous_13)","decl":{"start":{"line":205,"column":22},"end":{"line":205,"column":37}},"loc":{"start":{"line":205,"column":37},"end":{"line":205,"column":75}},"line":205},"14":{"name":"(anonymous_14)","decl":{"start":{"line":209,"column":30},"end":{"line":209,"column":35}},"loc":{"start":{"line":209,"column":47},"end":{"line":226,"column":null}},"line":209},"15":{"name":"(anonymous_15)","decl":{"start":{"line":245,"column":22},"end":{"line":245,"column":37}},"loc":{"start":{"line":245,"column":37},"end":{"line":245,"column":74}},"line":245},"16":{"name":"(anonymous_16)","decl":{"start":{"line":258,"column":31},"end":{"line":258,"column":36}},"loc":{"start":{"line":259,"column":20},"end":{"line":283,"column":null}},"line":259},"17":{"name":"(anonymous_17)","decl":{"start":{"line":266,"column":30},"end":{"line":266,"column":45}},"loc":{"start":{"line":266,"column":45},"end":{"line":266,"column":82}},"line":266},"18":{"name":"(anonymous_18)","decl":{"start":{"line":267,"column":30},"end":{"line":267,"column":42}},"loc":{"start":{"line":267,"column":42},"end":{"line":267,"column":125}},"line":267},"19":{"name":"(anonymous_19)","decl":{"start":{"line":300,"column":32},"end":{"line":300,"column":37}},"loc":{"start":{"line":300,"column":49},"end":{"line":334,"column":null}},"line":300},"20":{"name":"(anonymous_20)","decl":{"start":{"line":309,"column":24},"end":{"line":309,"column":39}},"loc":{"start":{"line":309,"column":39},"end":{"line":309,"column":89}},"line":309},"21":{"name":"(anonymous_21)","decl":{"start":{"line":310,"column":24},"end":{"line":310,"column":36}},"loc":{"start":{"line":310,"column":36},"end":{"line":310,"column":132}},"line":310},"22":{"name":"(anonymous_22)","decl":{"start":{"line":319,"column":26},"end":{"line":319,"column":41}},"loc":{"start":{"line":319,"column":41},"end":{"line":319,"column":91}},"line":319},"23":{"name":"(anonymous_23)","decl":{"start":{"line":320,"column":26},"end":{"line":320,"column":38}},"loc":{"start":{"line":320,"column":38},"end":{"line":320,"column":134}},"line":320}},"branchMap":{"0":{"loc":{"start":{"line":34,"column":2},"end":{"line":41,"column":null}},"type":"if","locations":[{"start":{"line":34,"column":2},"end":{"line":41,"column":null}},{"start":{},"end":{}}],"line":34},"1":{"loc":{"start":{"line":46,"column":25},"end":{"line":54,"column":null}},"type":"binary-expr","locations":[{"start":{"line":46,"column":25},"end":{"line":46,"column":36}},{"start":{"line":46,"column":36},"end":{"line":54,"column":null}}],"line":46},"2":{"loc":{"start":{"line":75,"column":25},"end":{"line":77,"column":null}},"type":"binary-expr","locations":[{"start":{"line":75,"column":25},"end":{"line":75,"column":59}},{"start":{"line":75,"column":59},"end":{"line":77,"column":null}}],"line":75},"3":{"loc":{"start":{"line":92,"column":155},"end":{"line":92,"column":null}},"type":"cond-expr","locations":[{"start":{"line":92,"column":170},"end":{"line":92,"column":208}},{"start":{"line":92,"column":208},"end":{"line":92,"column":null}}],"line":92},"4":{"loc":{"start":{"line":111,"column":35},"end":{"line":111,"column":72}},"type":"binary-expr","locations":[{"start":{"line":111,"column":35},"end":{"line":111,"column":49}},{"start":{"line":111,"column":49},"end":{"line":111,"column":72}}],"line":111},"5":{"loc":{"start":{"line":118,"column":31},"end":{"line":118,"column":69}},"type":"binary-expr","locations":[{"start":{"line":118,"column":31},"end":{"line":118,"column":45}},{"start":{"line":118,"column":45},"end":{"line":118,"column":69}}],"line":118},"6":{"loc":{"start":{"line":139,"column":141},"end":{"line":139,"column":null}},"type":"cond-expr","locations":[{"start":{"line":139,"column":151},"end":{"line":139,"column":184}},{"start":{"line":139,"column":184},"end":{"line":139,"column":null}}],"line":139},"7":{"loc":{"start":{"line":156,"column":43},"end":{"line":156,"column":78}},"type":"binary-expr","locations":[{"start":{"line":156,"column":43},"end":{"line":156,"column":57}},{"start":{"line":156,"column":57},"end":{"line":156,"column":78}}],"line":156},"8":{"loc":{"start":{"line":179,"column":37},"end":{"line":179,"column":70}},"type":"binary-expr","locations":[{"start":{"line":179,"column":37},"end":{"line":179,"column":51}},{"start":{"line":179,"column":51},"end":{"line":179,"column":70}}],"line":179},"9":{"loc":{"start":{"line":205,"column":37},"end":{"line":205,"column":75}},"type":"binary-expr","locations":[{"start":{"line":205,"column":37},"end":{"line":205,"column":51}},{"start":{"line":205,"column":51},"end":{"line":205,"column":75}}],"line":205},"10":{"loc":{"start":{"line":220,"column":43},"end":{"line":220,"column":111}},"type":"cond-expr","locations":[{"start":{"line":220,"column":55},"end":{"line":220,"column":82}},{"start":{"line":220,"column":82},"end":{"line":220,"column":111}}],"line":220},"11":{"loc":{"start":{"line":224,"column":91},"end":{"line":224,"column":149}},"type":"cond-expr","locations":[{"start":{"line":224,"column":103},"end":{"line":224,"column":135}},{"start":{"line":224,"column":135},"end":{"line":224,"column":149}}],"line":224},"12":{"loc":{"start":{"line":245,"column":37},"end":{"line":245,"column":74}},"type":"binary-expr","locations":[{"start":{"line":245,"column":37},"end":{"line":245,"column":51}},{"start":{"line":245,"column":51},"end":{"line":245,"column":74}}],"line":245},"13":{"loc":{"start":{"line":266,"column":45},"end":{"line":266,"column":82}},"type":"binary-expr","locations":[{"start":{"line":266,"column":45},"end":{"line":266,"column":59}},{"start":{"line":266,"column":59},"end":{"line":266,"column":82}}],"line":266},"14":{"loc":{"start":{"line":267,"column":42},"end":{"line":267,"column":125}},"type":"binary-expr","locations":[{"start":{"line":267,"column":49},"end":{"line":267,"column":70}},{"start":{"line":267,"column":70},"end":{"line":267,"column":88}},{"start":{"line":267,"column":88},"end":{"line":267,"column":102}},{"start":{"line":267,"column":102},"end":{"line":267,"column":125}}],"line":267},"15":{"loc":{"start":{"line":278,"column":40},"end":{"line":278,"column":76}},"type":"cond-expr","locations":[{"start":{"line":278,"column":54},"end":{"line":278,"column":66}},{"start":{"line":278,"column":66},"end":{"line":278,"column":76}}],"line":278},"16":{"loc":{"start":{"line":279,"column":27},"end":{"line":279,"column":null}},"type":"cond-expr","locations":[{"start":{"line":279,"column":41},"end":{"line":279,"column":88}},{"start":{"line":279,"column":87},"end":{"line":279,"column":null}}],"line":279},"17":{"loc":{"start":{"line":301,"column":31},"end":{"line":301,"column":null}},"type":"binary-expr","locations":[{"start":{"line":301,"column":31},"end":{"line":301,"column":44}},{"start":{"line":301,"column":44},"end":{"line":301,"column":null}}],"line":301},"18":{"loc":{"start":{"line":302,"column":34},"end":{"line":302,"column":null}},"type":"binary-expr","locations":[{"start":{"line":302,"column":34},"end":{"line":302,"column":50}},{"start":{"line":302,"column":50},"end":{"line":302,"column":null}}],"line":302},"19":{"loc":{"start":{"line":303,"column":31},"end":{"line":303,"column":89}},"type":"binary-expr","locations":[{"start":{"line":303,"column":31},"end":{"line":303,"column":44}},{"start":{"line":303,"column":44},"end":{"line":303,"column":89}}],"line":303},"20":{"loc":{"start":{"line":308,"column":210},"end":{"line":308,"column":null}},"type":"cond-expr","locations":[{"start":{"line":308,"column":266},"end":{"line":308,"column":296}},{"start":{"line":308,"column":296},"end":{"line":308,"column":null}}],"line":308},"21":{"loc":{"start":{"line":308,"column":210},"end":{"line":308,"column":263}},"type":"binary-expr","locations":[{"start":{"line":308,"column":210},"end":{"line":308,"column":235}},{"start":{"line":308,"column":235},"end":{"line":308,"column":263}}],"line":308},"22":{"loc":{"start":{"line":308,"column":296},"end":{"line":308,"column":null}},"type":"cond-expr","locations":[{"start":{"line":308,"column":318},"end":{"line":308,"column":345}},{"start":{"line":308,"column":345},"end":{"line":308,"column":null}}],"line":308},"23":{"loc":{"start":{"line":308,"column":345},"end":{"line":308,"column":null}},"type":"cond-expr","locations":[{"start":{"line":308,"column":369},"end":{"line":308,"column":395}},{"start":{"line":308,"column":395},"end":{"line":308,"column":null}}],"line":308},"24":{"loc":{"start":{"line":309,"column":39},"end":{"line":309,"column":89}},"type":"binary-expr","locations":[{"start":{"line":309,"column":39},"end":{"line":309,"column":53}},{"start":{"line":309,"column":53},"end":{"line":309,"column":67}},{"start":{"line":309,"column":67},"end":{"line":309,"column":89}}],"line":309},"25":{"loc":{"start":{"line":310,"column":36},"end":{"line":310,"column":132}},"type":"binary-expr","locations":[{"start":{"line":310,"column":43},"end":{"line":310,"column":64}},{"start":{"line":310,"column":64},"end":{"line":310,"column":82}},{"start":{"line":310,"column":82},"end":{"line":310,"column":96}},{"start":{"line":310,"column":96},"end":{"line":310,"column":110}},{"start":{"line":310,"column":110},"end":{"line":310,"column":132}}],"line":310},"26":{"loc":{"start":{"line":319,"column":41},"end":{"line":319,"column":91}},"type":"binary-expr","locations":[{"start":{"line":319,"column":41},"end":{"line":319,"column":55}},{"start":{"line":319,"column":55},"end":{"line":319,"column":69}},{"start":{"line":319,"column":69},"end":{"line":319,"column":91}}],"line":319},"27":{"loc":{"start":{"line":320,"column":38},"end":{"line":320,"column":134}},"type":"binary-expr","locations":[{"start":{"line":320,"column":45},"end":{"line":320,"column":66}},{"start":{"line":320,"column":66},"end":{"line":320,"column":84}},{"start":{"line":320,"column":84},"end":{"line":320,"column":98}},{"start":{"line":320,"column":98},"end":{"line":320,"column":112}},{"start":{"line":320,"column":112},"end":{"line":320,"column":134}}],"line":320},"28":{"loc":{"start":{"line":329,"column":27},"end":{"line":330,"column":null}},"type":"binary-expr","locations":[{"start":{"line":329,"column":27},"end":{"line":329,"column":null}},{"start":{"line":330,"column":28},"end":{"line":330,"column":null}}],"line":329},"29":{"loc":{"start":{"line":330,"column":93},"end":{"line":330,"column":195}},"type":"cond-expr","locations":[{"start":{"line":330,"column":123},"end":{"line":330,"column":162}},{"start":{"line":330,"column":162},"end":{"line":330,"column":195}}],"line":330}},"s":{"0":8,"1":8,"2":8,"3":8,"4":4,"5":4,"6":4,"7":4,"8":4,"9":0,"10":4,"11":4,"12":8,"13":40,"14":8,"15":4,"16":4,"17":8,"18":8,"19":8,"20":8,"21":8,"22":12,"23":1,"24":0,"25":0,"26":28,"27":12,"28":0,"29":0,"30":16,"31":0,"32":12,"33":12,"34":12,"35":0,"36":12,"37":0,"38":0,"39":4,"40":4,"41":4,"42":4,"43":0,"44":0,"45":1,"46":0},"f":{"0":8,"1":4,"2":4,"3":40,"4":12,"5":1,"6":0,"7":0,"8":28,"9":12,"10":0,"11":0,"12":16,"13":0,"14":12,"15":0,"16":12,"17":0,"18":0,"19":4,"20":0,"21":0,"22":1,"23":0},"b":{"0":[4,4],"1":[4,0],"2":[8,0],"3":[4,8],"4":[0,0],"5":[0,0],"6":[4,24],"7":[0,0],"8":[0,0],"9":[0,0],"10":[4,8],"11":[4,8],"12":[0,0],"13":[0,0],"14":[0,0,0,0],"15":[8,4],"16":[8,4],"17":[4,4],"18":[4,0],"19":[4,0],"20":[0,4],"21":[4,0],"22":[4,0],"23":[0,0],"24":[0,0,0],"25":[0,0,0,0,0],"26":[1,1,1],"27":[0,0,0,0,0],"28":[4,4],"29":[4,0]},"meta":{"lastBranch":30,"lastFunction":24,"lastStatement":47,"seen":{"f:12:24:12:34":0,"s:13:18:13:46":0,"s:14:20:14:50":1,"s:15:17:15:47":2,"s:17:2:30:Infinity":3,"f:17:2:17:18":1,"s:18:25:26:Infinity":4,"f:18:25:18:37":2,"s:19:6:19:Infinity":5,"s:20:6:26:Infinity":6,"s:21:21:21:50":7,"s:22:8:22:Infinity":8,"s:24:8:24:Infinity":9,"s:26:8:26:Infinity":10,"s:29:4:29:Infinity":11,"s:32:8:32:138":12,"f:32:8:32:26":3,"s:32:32:32:138":13,"b:34:2:41:Infinity:undefined:undefined:undefined:undefined":0,"s:34:2:41:Infinity":14,"s:35:4:41:Infinity":15,"s:46:25:54:Infinity":16,"b:46:25:46:36:46:36:54:Infinity":1,"s:56:25:61:Infinity":17,"s:63:23:67:Infinity":18,"s:69:22:73:Infinity":19,"s:75:25:77:Infinity":20,"b:75:25:75:59:75:59:77:Infinity":2,"s:80:2:344:Infinity":21,"f:91:39:91:43":4,"s:92:14:94:Infinity":22,"f:92:30:92:45":5,"s:92:45:92:57":23,"b:92:170:92:208:92:208:92:Infinity":3,"f:111:20:111:35":6,"s:111:35:111:72":24,"b:111:35:111:49:111:49:111:72":4,"f:118:16:118:31":7,"s:118:31:118:69":25,"b:118:31:118:45:118:45:118:69":5,"f:135:46:135:51":8,"s:136:18:143:Infinity":26,"b:139:151:139:184:139:184:139:Infinity":6,"f:155:14:155:19":9,"s:156:14:164:Infinity":27,"f:156:28:156:43":10,"s:156:43:156:78":28,"b:156:43:156:57:156:57:156:78":7,"f:179:22:179:37":11,"s:179:37:179:70":29,"b:179:37:179:51:179:51:179:70":8,"f:183:32:183:37":12,"s:184:18:192:Infinity":30,"f:205:22:205:37":13,"s:205:37:205:75":31,"b:205:37:205:51:205:51:205:75":9,"f:209:30:209:35":14,"s:210:34:210:84":32,"s:211:36:211:Infinity":33,"s:212:18:226:Infinity":34,"b:220:55:220:82:220:82:220:111":10,"b:224:103:224:135:224:135:224:149":11,"f:245:22:245:37":15,"s:245:37:245:74":35,"b:245:37:245:51:245:51:245:74":12,"f:258:31:258:36":16,"s:259:20:283:Infinity":36,"f:266:30:266:45":17,"s:266:45:266:82":37,"b:266:45:266:59:266:59:266:82":13,"f:267:30:267:42":18,"s:267:42:267:125":38,"b:267:49:267:70:267:70:267:88:267:88:267:102:267:102:267:125":14,"b:278:54:278:66:278:66:278:76":15,"b:279:41:279:88:279:87:279:Infinity":16,"f:300:32:300:37":19,"s:301:31:301:Infinity":39,"b:301:31:301:44:301:44:301:Infinity":17,"s:302:34:302:Infinity":40,"b:302:34:302:50:302:50:302:Infinity":18,"s:303:31:303:89":41,"b:303:31:303:44:303:44:303:89":19,"s:305:18:334:Infinity":42,"b:308:266:308:296:308:296:308:Infinity":20,"b:308:210:308:235:308:235:308:263":
[...]
umn":199},"end":{"line":228,"column":227}},"type":"binary-expr","locations":[{"start":{"line":228,"column":199},"end":{"line":228,"column":211}},{"start":{"line":228,"column":211},"end":{"line":228,"column":227}}],"line":228},"33":{"loc":{"start":{"line":237,"column":19},"end":{"line":238,"column":null}},"type":"binary-expr","locations":[{"start":{"line":237,"column":19},"end":{"line":237,"column":null}},{"start":{"line":238,"column":20},"end":{"line":238,"column":null}}],"line":237},"34":{"loc":{"start":{"line":247,"column":9},"end":{"line":294,"column":null}},"type":"binary-expr","locations":[{"start":{"line":247,"column":9},"end":{"line":247,"column":null}},{"start":{"line":248,"column":10},"end":{"line":294,"column":null}}],"line":247},"35":{"loc":{"start":{"line":273,"column":90},"end":{"line":273,"column":166}},"type":"cond-expr","locations":[{"start":{"line":273,"column":106},"end":{"line":273,"column":150}},{"start":{"line":273,"column":153},"end":{"line":273,"column":166}}],"line":273},"36":{"loc":{"start":{"line":288,"column":19},"end":{"line":289,"column":null}},"type":"binary-expr","locations":[{"start":{"line":288,"column":19},"end":{"line":288,"column":null}},{"start":{"line":289,"column":20},"end":{"line":289,"column":null}}],"line":288},"37":{"loc":{"start":{"line":299,"column":7},"end":{"line":329,"column":null}},"type":"binary-expr","locations":[{"start":{"line":299,"column":7},"end":{"line":299,"column":null}},{"start":{"line":300,"column":8},"end":{"line":329,"column":null}}],"line":299},"38":{"loc":{"start":{"line":304,"column":24},"end":{"line":304,"column":95}},"type":"binary-expr","locations":[{"start":{"line":304,"column":31},"end":{"line":304,"column":52}},{"start":{"line":304,"column":52},"end":{"line":304,"column":70}},{"start":{"line":304,"column":70},"end":{"line":304,"column":95}}],"line":304},"39":{"loc":{"start":{"line":311,"column":130},"end":{"line":311,"column":null}},"type":"cond-expr","locations":[{"start":{"line":311,"column":145},"end":{"line":311,"column":163}},{"start":{"line":311,"column":163},"end":{"line":311,"column":null}}],"line":311},"40":{"loc":{"start":{"line":329,"column":163},"end":{"line":329,"column":219}},"type":"cond-expr","locations":[{"start":{"line":329,"column":178},"end":{"line":329,"column":195}},{"start":{"line":329,"column":195},"end":{"line":329,"column":219}}],"line":329},"41":{"loc":{"start":{"line":337,"column":7},"end":{"line":361,"column":null}},"type":"binary-expr","locations":[{"start":{"line":337,"column":7},"end":{"line":337,"column":null}},{"start":{"line":338,"column":8},"end":{"line":361,"column":null}}],"line":337},"42":{"loc":{"start":{"line":342,"column":24},"end":{"line":342,"column":89}},"type":"binary-expr","locations":[{"start":{"line":342,"column":31},"end":{"line":342,"column":52}},{"start":{"line":342,"column":52},"end":{"line":342,"column":70}},{"start":{"line":342,"column":70},"end":{"line":342,"column":89}}],"line":342},"43":{"loc":{"start":{"line":349,"column":133},"end":{"line":349,"column":null}},"type":"cond-expr","locations":[{"start":{"line":349,"column":147},"end":{"line":349,"column":171}},{"start":{"line":349,"column":171},"end":{"line":349,"column":null}}],"line":349},"44":{"loc":{"start":{"line":354,"column":170},"end":{"line":354,"column":196}},"type":"binary-expr","locations":[{"start":{"line":354,"column":170},"end":{"line":354,"column":192}},{"start":{"line":354,"column":192},"end":{"line":354,"column":196}}],"line":354},"45":{"loc":{"start":{"line":356,"column":212},"end":{"line":356,"column":239}},"type":"binary-expr","locations":[{"start":{"line":356,"column":212},"end":{"line":356,"column":235}},{"start":{"line":356,"column":235},"end":{"line":356,"column":239}}],"line":356},"46":{"loc":{"start":{"line":361,"column":163},"end":{"line":361,"column":215}},"type":"cond-expr","locations":[{"start":{"line":361,"column":177},"end":{"line":361,"column":194}},{"start":{"line":361,"column":194},"end":{"line":361,"column":215}}],"line":361}},"s":{"0":44,"1":44,"2":44,"3":44,"4":44,"5":44,"6":44,"7":44,"8":44,"9":44,"10":44,"11":44,"12":44,"13":12,"14":12,"15":12,"16":11,"17":11,"18":1,"19":12,"20":44,"21":12,"22":44,"23":31,"24":44,"25":70,"26":11,"27":19,"28":10,"29":10,"30":20,"31":0,"32":44,"33":31,"34":0,"35":31,"36":11,"37":10,"38":10,"39":0,"40":44,"41":1,"42":1,"43":1,"44":44,"45":1,"46":1,"47":1,"48":44,"49":1,"50":0,"51":1,"52":1,"53":1,"54":2,"55":0,"56":44,"57":2,"58":2,"59":2,"60":1,"61":1,"62":2,"63":1,"64":1,"65":2,"66":0,"67":44,"68":1,"69":1,"70":1,"71":44,"72":0,"73":0,"74":0,"75":44,"76":1,"77":0,"78":1,"79":1,"80":1,"81":3,"82":0,"83":44,"84":1,"85":1,"86":1,"87":1,"88":0,"89":0,"90":0,"91":1,"92":1,"93":1,"94":0,"95":44,"96":62,"97":44,"98":93,"99":44,"100":12,"101":32,"102":64,"103":5,"104":5,"105":2,"106":39,"107":1,"108":1,"109":31,"110":0,"111":1,"112":0,"113":0,"114":0,"115":2,"116":1,"117":0,"118":0,"119":0,"120":0,"121":0,"122":0,"123":0,"124":0,"125":0,"126":6,"127":1,"128":1,"129":0,"130":0},"f":{"0":44,"1":12,"2":12,"3":31,"4":70,"5":31,"6":1,"7":1,"8":1,"9":2,"10":2,"11":2,"12":1,"13":0,"14":1,"15":3,"16":1,"17":0,"18":62,"19":93,"20":64,"21":5,"22":2,"23":39,"24":1,"25":1,"26":31,"27":0,"28":1,"29":0,"30":0,"31":0,"32":2,"33":1,"34":0,"35":0,"36":0,"37":0,"38":0,"39":0,"40":0,"41":0,"42":0,"43":6,"44":1,"45":1,"46":0,"47":0},"b":{"0":[11,19,10,10,20,0],"1":[0,31],"2":[11,10,10,0],"3":[1,0],"4":[1,0],"5":[1,0],"6":[1,1],"7":[1,0],"8":[1,0],"9":[0,1],"10":[1,1],"11":[1,1],"12":[1,0],"13":[0,1],"14":[0,1],"15":[0,0],"16":[62,2],"17":[62,0],"18":[2,0],"19":[93,4],"20":[93,0],"21":[4,0],"22":[12,32],"23":[21,11],"24":[21,11],"25":[44,1],"26":[32,32],"27":[21,11],"28":[44,21],"29":[39,0],"30":[39,0],"31":[39,0],"32":[39,0],"33":[21,1],"34":[44,11],"35":[30,1],"36":[11,0],"37":[44,5],"38":[0,0,0],"39":[2,3],"40":[2,3],"41":[44,3],"42":[0,0,0],"43":[0,3],"44":[3,1],"45":[3,2],"46":[0,3]},"meta":{"lastBranch":47,"lastFunction":48,"lastStatement":131,"seen":{"f:5:24:5:36":0,"s:6:20:6:48":0,"s:7:25:7:58":1,"s:8:20:8:50":2,"s:9:16:9:42":3,"s:10:21:10:50":4,"s:11:23:11:63":5,"s:14:26:14:63":6,"s:15:23:15:56":7,"s:16:18:16:140":8,"s:19:20:19:51":9,"s:20:22:20:54":10,"s:21:17:21:110":11,"s:23:20:35:Infinity":12,"f:23:20:23:32":1,"s:24:4:24:Infinity":13,"s:25:4:35:Infinity":14,"s:26:26:29:8":15,"s:30:6:30:Infinity":16,"s:31:6:31:Infinity":17,"s:33:6:33:Infinity":18,"s:35:6:35:Infinity":19,"s:39:2:41:Infinity":20,"f:39:2:39:18":2,"s:40:4:40:Infinity":21,"s:43:8:43:116":22,"f:43:8:43:26":3,"s:43:34:43:116":23,"s:45:8:52:Infinity":24,"f:45:8:45:26":4,"b:47:6:47:Infinity:48:6:48:Infinity:49:6:49:Infinity:50:6:50:Infinity:51:6:51:Infinity:52:6:52:Infinity":0,"s:46:4:52:Infinity":25,"s:47:24:47:Infinity":26,"s:48:21:48:Infinity":27,"s:49:22:49:Infinity":28,"s:50:25:50:Infinity":29,"s:51:23:51:Infinity":30,"s:52:15:52:Infinity":31,"s:56:8:62:Infinity":32,"f:56:8:56:25":5,"b:57:4:57:Infinity:undefined:undefined:undefined:undefined":1,"s:57:4:57:Infinity":33,"s:57:17:57:Infinity":34,"b:59:6:59:Infinity:60:6:60:Infinity:61:6:61:Infinity:62:6:62:Infinity":2,"s:58:4:62:Infinity":35,"s:59:24:59:Infinity":36,"s:60:22:60:Infinity":37,"s:61:25:61:Infinity":38,"s:62:15:62:Infinity":39,"s:67:8:67:Infinity":40,"f:67:8:67:35":6,"s:67:37:67:149":41,"s:67:149:67:172":42,"s:67:172:67:Infinity":43,"s:68:8:68:Infinity":44,"f:68:8:68:28":7,"s:68:36:68:227":45,"b:68:55:68:65:68:65:68:69":3,"b:68:84:68:103:68:103:68:107":4,"b:68:114:68:125:68:125:68:129":5,"b:68:138:68:151:68:151:68:155":6,"b:68:165:68:179:68:179:68:194":7,"b:68:202:68:214:68:214:68:224":8,"s:68:227:68:250":46,"s:68:250:68:Infinity":47,"s:69:25:75:Infinity":48,"f:69:25:69:32":8,"b:70:4:70:Infinity:undefined:undefined:undefined:undefined":9,"s:70:4:70:Infinity":49,"s:70:50:70:Infinity":50,"s:71:4:75:Infinity":51,"s:72:6:72:Infinity":52,"s:73:6:73:Infinity":53,"f:73:29:73:36":9,"s:73:41:73:53":54,"s:75:6:75:Infinity":55,"s:78:23:90:Infinity":56,"f:78:23:78:30":10,"s:79:4:79:Infinity":57,"s:80:4:90:Infinity":58,"b:81:6:86:Infinity:84:13:86:Infinity":10,"s:81:6:86:Infinity":59,"s:82:24:82:73":60,"s:83:8:83:Infinity":61,"f:83:31:83:35":11,"s:83:40:83:76":62,"b:83:64:83:74:83:74:83:76":11,"s:85:24:85:59":63,"s:86:8:86:Infinity":64,"s:88:6:88:Infinity":65,"s:90:6:90:Infinity":66,"s:95:8:95:Infinity":67,"f:95:8:95:29":12,"s:95:31:95:134":68,"b:95:53:95:73:95:73:95:77":12,"s:95:134:95:156":69,"s:95:156:95:Infinity":70,"s:96:8:96:Infinity":71,"f:96:8:96:22":13,"s:96:31:96:148":72,"s:96:148:96:171":73,"s:96:171:96:Infinity":74,"s:97:19:103:Infinity":75,"f:97:19:97:26":14,"b:98:4:98:Infinity:undefined:undefined:undefined:undefined":13,"s:98:4:98:Infinity":76,"s:98:56:98:Infinity":77,"s:99:4:103:Infinity":78,"s:100:6:100:Infinity":79,"s:101:6:101:Infinity":80,"f:101:39:101:46":15,"s:101:51:101:63":81,"s:103:6:103:Infinity":82,"s:106:17:119:Infinity":83,"f:106:17:106:24":16,"s:107:4:107:Infinity":84,"s:108:4:119:Infinity":85,"s:109:22:109:Infinity":86,"b:110:6:115:Infinity:113:13:115:Infinity":14,"s:110:6:115:Infinity":87,"s:111:24:111:77":88,"s:112:8:112:Infinity":89,"f:112:41:112:45":17,"s:112:50:112:85":90,"b:112:73:112:83:112:83:112:85":15,"s:114:24:114:64":91,"s:115:8:115:Infinity":92,"s:117:6:117:Infinity":93,"s:119:6:119:Infinity":94,"s:123:28:125:Infinity":95,"f:123:38:123:45":18,"s:123:45:125:76":96,"b:123:45:124:67:124:67:125:76":16,"b:124:5:124:15:124:15:124:19":17,"b:125:5:125:24:125:24:125:28":18,"s:127:22:129:Infinity":97,"f:127:37:127:44":19,"s:127:44:129:62":98,"b:127:44:128:76:128:76:129:62":19,"b:128:5:128:24:128:24:128:28":20,"b:129:5:129:13:129:13:129:17":21,"b:132:2:139:Infinity:undefined:undefined:undefined:undefined":22,"s:132:2:139:Infinity":99,"s:133:4:139:Infinity":100,"s:143:2:361:Infinity":101,"b:159:52:159:73:159:73:159:Infinity":23,"b:163:44:163:61:163:61:163:Infinity":24,"b:167:9:167:Infinity:168:10:171:Infinity":25,"f:177:123:177:127":20,"s:178:12:185:Infinity":102,"f:180:14:180:29":21,"s:180:31:180:56":103,"s:180:56:180:Infinity":104,"b:181:130:181:167:181:167:181:Infinity":26,"b:193:75:193:99:193:99:193:128":27,"f:193:292:193:303":22,"s:193:309:193:342":105,"b:198:9:198:Infinity:199:10:243:Infinity":28,"f:212:37:212:41":23,"s:213:20:235:Infinity":106,"b:216:153:216:169:216:172:216:182":29,"b:227:90:227:104:227:104:227:117":30,"b:228:173:228:185:228:185:228:194":31,"b:228:199:228:211:228:211:228:227":32,"f:231:34:231:49":24,"s:231:49:231:68":107,"f:232:34:232:49":25,"s:232:49:232:69":108,"b:237:19:237:Infinity:238:20:238:Infinity":33,"b:247:9:247:Infinity:248:10:294:Infinity":34,"f:263:31:263:35":26,"s:264:20:286:Infinity":109,"b:273:106:273:150:273:153:273:166":35,"f:282:34:282:49":27,"s:282:49:282:63":110,"f:283:34:283:49":28,"s:283:49:283:64":111,"b:288:19:288:Infinity:289:20:289:Infinity":36,"b:299:7:299:Infinity:300:8:329:Infinity":37,"f:303:12:303:27":29,"s:303:27:303:52":112,"f:304:12:304:24":30,"s:304:24:304:95":113,"b:304:31:304:52:304:52:304:70:304:70:304:95":38,"b:311:145:311:163:311:163:311:Infinity":39,"f:312:22:312:37":31,"s:312:37:312:62":114,"f:316:184:316:194":32,"s:316:199:316:245":115,"f:317:196:317:206":33,"s:317:211:317:266":116,"f:320:178:320:188":34,"s:320:193:320:240":117,"f:321:148:321:158":35,"s:321:163:321:212":118,"f:324:150:324:160":36,"s:324:165:324:215":119,"f:325:135:325:145":37,"s:325:150:325:198":120,"f:328:38:328:53":38,"s:328:53:328:78":121,"b:329:178:329:195:329:195:329:219":40,"b:337:7:337:Infinity:338:8:361:Infinity":41,"f:341:12:341:27":39,"s:341:27:341:46":122,"f:342:12:342:24":40,"s:342:24:342:89":123,"b:342:31:342:52:342:52:342:70:342:70:342:89":42,"b:349:147:349:171:349:171:349:Infinity":43,"f:350:22:350:37":41,"s:350:37:350:56":124,"f:353:175:353:185":42,"s:353:190:353:238":125,"f:353:380:353:384":43,"s:353:389:353:449":126,"b:354:170:354:192:354:192:354:196":44,"f:354:196:354:206":44,"s:354:211:354:262":127,"b:356:212:356:235:356:235:356:239":45,"f:356:239:356:249":45,"s:356:254:356:306":128,"f:358:132:358:142":46,"s:358:147:358:193":129,"f:360:38:360:53":47,"s:360:53:360:72":130,"b:361:177:361:194:361:194:361:215":46}}}
,"C:\\Users\\rafii\\Downloads\\Project\\automate-erp\\frontend\\src\\components\\ui\\Badge.jsx": {"path":"C:\\Users\\rafii\\Downloads\\Project\\automate-erp\\frontend\\src\\components\\ui\\Badge.jsx","statementMap":{"0":{"start":{"line":5,"column":21},"end":{"line":5,"column":null}},"1":{"start":{"line":7,"column":19},"end":{"line":13,"column":null}},"2":{"start":{"line":15,"column":2},"end":{"line":18,"column":null}}},"fnMap":{"0":{"name":"Badge","decl":{"start":{"line":4,"column":16},"end":{"line":4,"column":22}},"loc":{"start":{"line":4,"column":78},"end":{"line":18,"column":null}},"line":4}},"branchMap":{"0":{"loc":{"start":{"line":4,"column":24},"end":{"line":4,"column":45}},"type":"default-arg","locations":[{"start":{"line":4,"column":34},"end":{"line":4,"column":45}}],"line":4}},"s":{"0":19,"1":19,"2":19},"f":{"0":19},"b":{"0":[19]},"meta":{"lastBranch":1,"lastFunction":1,"lastStatement":3,"seen":{"f:4:16:4:22":0,"b:4:34:4:45":0,"s:5:21:5:Infinity":0,"s:7:19:13:Infinity":1,"s:15:2:18:Infinity":2}}}
,"C:\\Users\\rafii\\Downloads\\Project\\automate-erp\\frontend\\src\\components\\ui\\Button.jsx": {"path":"C:\\Users\\rafii\\Downloads\\Project\\automate-erp\\frontend\\src\\components\\ui\\Button.jsx","statementMap":{"0":{"start":{"line":5,"column":2},"end":{"line":5,"column":null}},"1":{"start":{"line":9,"column":21},"end":{"line":9,"column":null}},"2":{"start":{"line":11,"column":19},"end":{"line":16,"column":null}},"3":{"start":{"line":18,"column":16},"end":{"line":23,"column":null}},"4":{"start":{"line":25,"column":2},"end":{"line":28,"column":null}}},"fnMap":{"0":{"name":"cn","decl":{"start":{"line":4,"column":16},"end":{"line":4,"column":19}},"loc":{"start":{"line":4,"column":30},"end":{"line":5,"column":null}},"line":4},"1":{"name":"Button","decl":{"start":{"line":8,"column":16},"end":{"line":8,"column":23}},"loc":{"start":{"line":8,"column":97},"end":{"line":28,"column":null}},"line":8}},"branchMap":{"0":{"loc":{"start":{"line":8,"column":25},"end":{"line":8,"column":46}},"type":"default-arg","locations":[{"start":{"line":8,"column":35},"end":{"line":8,"column":46}}],"line":8},"1":{"loc":{"start":{"line":8,"column":46},"end":{"line":8,"column":59}},"type":"default-arg","locations":[{"start":{"line":8,"column":53},"end":{"line":8,"column":59}}],"line":8},"2":{"loc":{"start":{"line":8,"column":59},"end":{"line":8,"column":75}},"type":"default-arg","locations":[{"start":{"line":8,"column":71},"end":{"line":8,"column":75}}],"line":8}},"s":{"0":249,"1":20,"2":20,"3":20,"4":20},"f":{"0":249,"1":20},"b":{"0":[20],"1":[20],"2":[20]},"meta":{"lastBranch":3,"lastFunction":2,"lastStatement":5,"seen":{"f:4:16:4:19":0,"s:5:2:5:Infinity":0,"f:8:16:8:23":1,"b:8:35:8:46":0,"b:8:53:8:59":1,"b:8:71:8:75":2,"s:9:21:9:Infinity":1,"s:11:19:16:Infinity":2,"s:18:16:23:Infinity":3,"s:25:2:28:Infinity":4}}}
,"C:\\Users\\rafii\\Downloads\\Project\\automate-erp\\frontend\\src\\components\\ui\\Card.jsx": {"path":"C:\\Users\\rafii\\Downloads\\Project\\automate-erp\\frontend\\src\\components\\ui\\Card.jsx","statementMap":{"0":{"start":{"line":5,"column":2},"end":{"line":13,"column":null}},"1":{"start":{"line":18,"column":2},"end":{"line":19,"column":null}},"2":{"start":{"line":24,"column":2},"end":{"line":25,"column":null}},"3":{"start":{"line":30,"column":2},"end":{"line":31,"column":null}},"4":{"start":{"line":36,"column":2},"end":{"line":37,"column":null}}},"fnMap":{"0":{"name":"Card","decl":{"start":{"line":4,"column":16},"end":{"line":4,"column":21}},"loc":{"start":{"line":4,"column":46},"end":{"line":13,"column":null}},"line":4},"1":{"name":"CardHeader","decl":{"start":{"line":17,"column":16},"end":{"line":17,"column":27}},"loc":{"start":{"line":17,"column":52},"end":{"line":19,"column":null}},"line":17},"2":{"name":"CardTitle","decl":{"start":{"line":23,"column":16},"end":{"line":23,"column":26}},"loc":{"start":{"line":23,"column":51},"end":{"line":25,"column":null}},"line":23},"3":{"name":"CardDescription","decl":{"start":{"line":29,"column":16},"end":{"line":29,"column":32}},"loc":{"start":{"line":29,"column":57},"end":{"line":31,"column":null}},"line":29},"4":{"name":"CardContent","decl":{"start":{"line":35,"column":16},"end":{"line":35,"column":28}},"loc":{"start":{"line":35,"column":53},"end":{"line":37,"column":null}},"line":35}},"branchMap":{},"s":{"0":33,"1":22,"2":21,"3":21,"4":21},"f":{"0":33,"1":22,"2":21,"3":21,"4":21},"b":{},"meta":{"lastBranch":0,"lastFunction":5,"lastStatement":5,"seen":{"f:4:16:4:21":0,"s:5:2:13:Infinity":0,"f:17:16:17:27":1,"s:18:2:19:Infinity":1,"f:23:16:23:26":2,"s:24:2:25:Infinity":2,"f:29:16:29:32":3,"s:30:2:31:Infinity":3,"f:35:16:35:28":4,"s:36:2:37:Infinity":4}}}
,"C:\\Users\\rafii\\Downloads\\Project\\automate-erp\\frontend\\src\\components\\ui\\Table.jsx": {"path":"C:\\Users\\rafii\\Downloads\\Project\\automate-erp\\frontend\\src\\components\\ui\\Table.jsx","statementMap":{"0":{"start":{"line":4,"column":13},"end":{"line":9,"column":null}},"1":{"start":{"line":5,"column":2},"end":{"line":9,"column":null}},"2":{"start":{"line":12,"column":13},"end":{"line":15,"column":null}},"3":{"start":{"line":13,"column":2},"end":{"line":15,"column":null}},"4":{"start":{"line":18,"column":13},"end":{"line":21,"column":null}},"5":{"start":{"line":19,"column":2},"end":{"line":21,"column":null}},"6":{"start":{"line":24,"column":13},"end":{"line":27,"column":null}},"7":{"start":{"line":25,"column":2},"end":{"line":27,"column":null}},"8":{"start":{"line":30,"column":13},"end":{"line":33,"column":null}},"9":{"start":{"line":31,"column":2},"end":{"line":33,"column":null}},"10":{"start":{"line":36,"column":13},"end":{"line":39,"column":null}},"11":{"start":{"line":37,"column":2},"end":{"line":39,"column":null}}},"fnMap":{"0":{"name":"(anonymous_0)","decl":{"start":{"line":4,"column":13},"end":{"line":4,"column":22}},"loc":{"start":{"line":5,"column":2},"end":{"line":9,"column":null}},"line":5},"1":{"name":"(anonymous_1)","decl":{"start":{"line":12,"column":13},"end":{"line":12,"column":28}},"loc":{"start":{"line":13,"column":2},"end":{"line":15,"column":null}},"line":13},"2":{"name":"(anonymous_2)","decl":{"start":{"line":18,"column":13},"end":{"line":18,"column":25}},"loc":{"start":{"line":19,"column":2},"end":{"line":21,"column":null}},"line":19},"3":{"name":"(anonymous_3)","decl":{"start":{"line":24,"column":13},"end":{"line":24,"column":26}},"loc":{"start":{"line":25,"column":2},"end":{"line":27,"column":null}},"line":25},"4":{"name":"(anonymous_4)","decl":{"start":{"line":30,"column":13},"end":{"line":30,"column":26}},"loc":{"start":{"line":31,"column":2},"end":{"line":33,"column":null}},"line":31},"5":{"name":"(anonymous_5)","decl":{"start":{"line":36,"column":13},"end":{"line":36,"column":26}},"loc":{"start":{"line":37,"column":2},"end":{"line":39,"column":null}},"line":37}},"branchMap":{"0":{"loc":{"start":{"line":18,"column":37},"end":{"line":18,"column":57}},"type":"default-arg","locations":[{"start":{"line":18,"column":51},"end":{"line":18,"column":57}}],"line":18},"1":{"loc":{"start":{"line":19,"column":63},"end":{"line":19,"column":117}},"type":"binary-expr","locations":[{"start":{"line":19,"column":63},"end":{"line":19,"column":78}},{"start":{"line":19,"column":78},"end":{"line":19,"column":117}}],"line":19}},"s":{"0":1,"1":4,"2":1,"3":4,"4":1,"5":16,"6":1,"7":16,"8":1,"9":48,"10":1,"11":4},"f":{"0":4,"1":4,"2":16,"3":16,"4":48,"5":4},"b":{"0":[16],"1":[16,12]},"meta":{"lastBranch":2,"lastFunction":6,"lastStatement":12,"seen":{"s:4:13:9:Infinity":0,"f:4:13:4:22":0,"s:5:2:9:Infinity":1,"s:12:13:15:Infinity":2,"f:12:13:12:28":1,"s:13:2:15:Infinity":3,"s:18:13:21:Infinity":4,"f:18:13:18:25":2,"s:19:2:21:Infinity":5,"b:18:51:18:57":0,"b:19:63:19:78:19:78:19:117":1,"s:24:13:27:Infinity":6,"f:24:13:24:26":3,"s:25:2:27:Infinity":7,"s:30:13:33:Infinity":8,"f:30:13:30:26":4,"s:31:2:33:Infinity":9,"s:36:13:39:Infinity":10,"f:36:13:36:26":5,"s:37:2:39:Infinity":11}}}
}
