TN:
SF:src\App.jsx
FN:24,App
FN:31,(anonymous_1)
FN:75,(anonymous_2)
FN:77,(anonymous_3)
FN:89,(anonymous_4)
FN:97,(anonymous_5)
FN:102,(anonymous_6)
FN:106,(anonymous_7)
FN:106,(anonymous_8)
FN:108,(anonymous_9)
FN:128,(anonymous_10)
FN:193,(anonymous_11)
FN:199,(anonymous_12)
FN:202,(anonymous_13)
FN:273,(anonymous_14)
FN:287,(anonymous_15)
FNF:16
FNH:11
FNDA:9,App
FNDA:6,(anonymous_1)
FNDA:6,(anonymous_2)
FNDA:0,(anonymous_3)
FNDA:1,(anonymous_4)
FNDA:2,(anonymous_5)
FNDA:0,(anonymous_6)
FNDA:28,(anonymous_7)
FNDA:67,(anonymous_8)
FNDA:2,(anonymous_9)
FNDA:1,(anonymous_10)
FNDA:8,(anonymous_11)
FNDA:26,(anonymous_12)
FNDA:0,(anonymous_13)
FNDA:0,(anonymous_14)
FNDA:0,(anonymous_15)
DA:25,9
DA:26,9
DA:27,9
DA:28,9
DA:31,9
DA:32,6
DA:33,6
DA:34,0
DA:38,9
DA:39,9
DA:75,9
DA:76,6
DA:77,0
DA:78,0
DA:79,0
DA:80,0
DA:82,0
DA:85,0
DA:89,9
DA:90,1
DA:91,1
DA:92,1
DA:93,1
DA:94,1
DA:97,9
DA:98,2
DA:101,9
DA:102,2
DA:105,7
DA:106,67
DA:108,9
DA:109,2
DA:110,2
DA:111,2
DA:112,0
DA:113,0
DA:114,0
DA:115,0
DA:116,0
DA:117,0
DA:118,0
DA:119,0
DA:120,0
DA:121,0
DA:122,0
DA:123,0
DA:124,0
DA:128,9
DA:129,1
DA:134,9
DA:135,5
DA:173,2
DA:194,8
DA:200,26
DA:203,0
DA:204,0
DA:273,0
DA:288,0
LF:58
LH:34
BRDA:33,0,0,0
BRDA:33,0,1,6
BRDA:33,1,0,6
BRDA:33,1,1,2
BRDA:76,2,0,0
BRDA:76,2,1,6
BRDA:76,3,0,6
BRDA:76,3,1,4
BRDA:101,4,0,2
BRDA:101,4,1,7
BRDA:106,5,0,7
BRDA:106,5,1,5
BRDA:110,6,0,2
BRDA:110,6,1,0
BRDA:110,6,2,0
BRDA:110,6,3,0
BRDA:110,6,4,0
BRDA:110,6,5,0
BRDA:110,6,6,0
BRDA:110,6,7,0
BRDA:110,6,8,0
BRDA:110,6,9,0
BRDA:110,6,10,0
BRDA:110,6,11,0
BRDA:110,6,12,0
BRDA:110,6,13,0
BRDA:134,7,0,5
BRDA:134,7,1,4
BRDA:207,8,0,2
BRDA:207,8,1,24
BRDA:212,9,0,2
BRDA:212,9,1,24
BRDA:274,10,0,0
BRDA:274,10,1,2
BRDA:280,11,0,9
BRDA:280,11,1,0
BRDA:287,12,0,0
BRDA:287,12,1,0
BRF:38
BRH:19
end_of_record
TN:
SF:src\api\client.js
FN:6,(anonymous_0)
FN:34,(anonymous_1)
FNF:2
FNH:1
FNDA:4,(anonymous_0)
FNDA:0,(anonymous_1)
DA:1,2
DA:6,2
DA:7,4
DA:9,4
DA:14,4
DA:15,2
DA:18,4
DA:23,4
DA:25,4
DA:27,1
DA:28,1
DA:29,1
DA:30,1
DA:33,3
DA:34,1
DA:35,1
DA:39,2
DA:40,1
DA:43,1
LF:19
LH:19
BRDA:6,0,0,4
BRDA:14,1,0,2
BRDA:14,1,1,2
BRDA:25,2,0,1
BRDA:25,2,1,3
BRDA:33,3,0,1
BRDA:33,3,1,2
BRDA:35,4,0,1
BRDA:35,4,1,0
BRDA:35,4,2,0
BRDA:39,5,0,1
BRDA:39,5,1,1
BRF:12
BRH:10
end_of_record
TN:
SF:src\api\endpoints.js
FN:5,(anonymous_0)
FN:12,(anonymous_1)
FN:16,(anonymous_2)
FN:17,(anonymous_3)
FN:21,(anonymous_4)
FN:25,(anonymous_5)
FN:31,(anonymous_6)
FN:32,(anonymous_7)
FN:36,(anonymous_8)
FN:40,(anonymous_9)
FN:46,(anonymous_10)
FN:47,(anonymous_11)
FN:51,(anonymous_12)
FN:55,(anonymous_13)
FN:61,(anonymous_14)
FN:62,(anonymous_15)
FN:66,(anonymous_16)
FN:70,(anonymous_17)
FN:73,(anonymous_18)
FN:80,(anonymous_19)
FN:81,(anonymous_20)
FN:85,(anonymous_21)
FN:88,(anonymous_22)
FN:91,(anonymous_23)
FN:97,(anonymous_24)
FN:98,(anonymous_25)
FN:102,(anonymous_26)
FN:106,(anonymous_27)
FN:112,(anonymous_28)
FN:113,(anonymous_29)
FN:117,(anonymous_30)
FN:121,(anonymous_31)
FN:127,(anonymous_32)
FN:128,(anonymous_33)
FN:135,(anonymous_34)
FN:136,(anonymous_35)
FN:140,(anonymous_36)
FN:144,(anonymous_37)
FN:150,(anonymous_38)
FN:151,(anonymous_39)
FN:155,(anonymous_40)
FN:159,(anonymous_41)
FN:165,(anonymous_42)
FN:169,(anonymous_43)
FN:170,(anonymous_44)
FNF:45
FNH:0
FNDA:0,(anonymous_0)
FNDA:0,(anonymous_1)
FNDA:0,(anonymous_2)
FNDA:0,(anonymous_3)
FNDA:0,(anonymous_4)
FNDA:0,(anonymous_5)
FNDA:0,(anonymous_6)
FNDA:0,(anonymous_7)
FNDA:0,(anonymous_8)
FNDA:0,(anonymous_9)
FNDA:0,(anonymous_10)
FNDA:0,(anonymous_11)
FNDA:0,(anonymous_12)
FNDA:0,(anonymous_13)
FNDA:0,(anonymous_14)
FNDA:0,(anonymous_15)
FNDA:0,(anonymous_16)
FNDA:0,(anonymous_17)
FNDA:0,(anonymous_18)
FNDA:0,(anonymous_19)
FNDA:0,(anonymous_20)
FNDA:0,(anonymous_21)
FNDA:0,(anonymous_22)
FNDA:0,(anonymous_23)
FNDA:0,(anonymous_24)
FNDA:0,(anonymous_25)
FNDA:0,(anonymous_26)
FNDA:0,(anonymous_27)
FNDA:0,(anonymous_28)
FNDA:0,(anonymous_29)
FNDA:0,(anonymous_30)
FNDA:0,(anonymous_31)
FNDA:0,(anonymous_32)
FNDA:0,(anonymous_33)
FNDA:0,(anonymous_34)
FNDA:0,(anonymous_35)
FNDA:0,(anonymous_36)
FNDA:0,(anonymous_37)
FNDA:0,(anonymous_38)
FNDA:0,(anonymous_39)
FNDA:0,(anonymous_40)
FNDA:0,(anonymous_41)
FNDA:0,(anonymous_42)
FNDA:0,(anonymous_43)
FNDA:0,(anonymous_44)
DA:3,1
DA:5,0
DA:12,0
DA:16,0
DA:17,0
DA:21,0
DA:25,0
DA:31,0
DA:32,0
DA:36,0
DA:40,0
DA:46,0
DA:47,0
DA:51,0
DA:55,0
DA:61,0
DA:62,0
DA:66,0
DA:70,0
DA:73,0
DA:80,0
DA:81,0
DA:85,0
DA:88,0
DA:91,0
DA:97,0
DA:98,0
DA:102,0
DA:106,0
DA:112,0
DA:113,0
DA:117,0
DA:121,0
DA:127,0
DA:128,0
DA:135,0
DA:136,0
DA:140,0
DA:144,0
DA:150,0
DA:151,0
DA:155,0
DA:159,0
DA:165,0
DA:169,0
DA:170,0
LF:46
LH:1
BRDA:150,0,0,0
BRDA:150,0,1,0
BRF:2
BRH:0
end_of_record
TN:
SF:src\components\Accounting.jsx
FN:5,Accounting
FN:12,(anonymous_1)
FN:13,(anonymous_2)
FN:33,(anonymous_3)
FN:38,(anonymous_4)
FN:39,(anonymous_5)
FN:48,(anonymous_6)
FN:57,(anonymous_7)
FN:60,(anonymous_8)
FN:157,(anonymous_9)
FNF:10
FNH:0
FNDA:0,Accounting
FNDA:0,(anonymous_1)
FNDA:0,(anonymous_2)
FNDA:0,(anonymous_3)
FNDA:0,(anonymous_4)
FNDA:0,(anonymous_5)
FNDA:0,(anonymous_6)
FNDA:0,(anonymous_7)
FNDA:0,(anonymous_8)
FNDA:0,(anonymous_9)
DA:6,0
DA:7,0
DA:8,0
DA:9,0
DA:10,0
DA:12,0
DA:13,0
DA:14,0
DA:15,0
DA:16,0
DA:21,0
DA:22,0
DA:23,0
DA:25,0
DA:27,0
DA:30,0
DA:33,0
DA:35,0
DA:38,0
DA:39,0
DA:48,0
DA:57,0
DA:60,0
DA:61,0
DA:63,0
DA:64,0
DA:74,0
DA:158,0
LF:28
LH:0
BRDA:35,0,0,0
BRDA:35,0,1,0
BRDA:50,1,0,0
BRDA:50,1,1,0
BRDA:63,2,0,0
BRDA:63,2,1,0
BRDA:95,3,0,0
BRDA:95,3,1,0
BRDA:157,4,0,0
BRDA:157,4,1,0
BRDA:163,5,0,0
BRDA:163,5,1,0
BRDA:170,6,0,0
BRDA:170,6,1,0
BRDA:171,7,0,0
BRDA:171,7,1,0
BRF:16
BRH:0
end_of_record
TN:
SF:src\components\Customers.jsx
FN:5,Customers
FN:15,(anonymous_1)
FN:27,(anonymous_2)
FN:31,(anonymous_3)
FN:33,(anonymous_4)
FN:40,(anonymous_5)
FN:42,(anonymous_6)
FN:46,(anonymous_7)
FN:52,(anonymous_8)
FN:58,(anonymous_9)
FN:64,(anonymous_10)
FN:76,(anonymous_11)
FN:136,(anonymous_12)
FN:155,(anonymous_13)
FN:190,(anonymous_14)
FN:193,(anonymous_15)
FN:212,(anonymous_16)
FN:220,(anonymous_17)
FN:229,(anonymous_18)
FN:233,(anonymous_19)
FN:240,(anonymous_20)
FN:244,(anonymous_21)
FN:250,(anonymous_22)
FN:254,(anonymous_23)
FNF:24
FNH:0
FNDA:0,Customers
FNDA:0,(anonymous_1)
FNDA:0,(anonymous_2)
FNDA:0,(anonymous_3)
FNDA:0,(anonymous_4)
FNDA:0,(anonymous_5)
FNDA:0,(anonymous_6)
FNDA:0,(anonymous_7)
FNDA:0,(anonymous_8)
FNDA:0,(anonymous_9)
FNDA:0,(anonymous_10)
FNDA:0,(anonymous_11)
FNDA:0,(anonymous_12)
FNDA:0,(anonymous_13)
FNDA:0,(anonymous_14)
FNDA:0,(anonymous_15)
FNDA:0,(anonymous_16)
FNDA:0,(anonymous_17)
FNDA:0,(anonymous_18)
FNDA:0,(anonymous_19)
FNDA:0,(anonymous_20)
FNDA:0,(anonymous_21)
FNDA:0,(anonymous_22)
FNDA:0,(anonymous_23)
DA:6,0
DA:7,0
DA:8,0
DA:9,0
DA:11,0
DA:12,0
DA:13,0
DA:15,0
DA:16,0
DA:17,0
DA:18,0
DA:19,0
DA:21,0
DA:23,0
DA:27,0
DA:28,0
DA:31,0
DA:33,0
DA:34,0
DA:39,0
DA:40,0
DA:42,0
DA:43,0
DA:44,0
DA:45,0
DA:46,0
DA:48,0
DA:52,0
DA:53,0
DA:54,0
DA:55,0
DA:58,0
DA:59,0
DA:60,0
DA:61,0
DA:64,0
DA:65,0
DA:66,0
DA:68,0
DA:69,0
DA:74,0
DA:75,0
DA:76,0
DA:78,0
DA:79,0
DA:81,0
DA:83,0
DA:87,0
DA:88,0
DA:98,0
DA:136,0
DA:156,0
DA:190,0
DA:193,0
DA:212,0
DA:220,0
DA:229,0
DA:233,0
DA:240,0
DA:244,0
DA:250,0
DA:254,0
LF:62
LH:0
BRDA:34,0,0,0
BRDA:34,0,1,0
BRDA:34,0,2,0
BRDA:34,0,3,0
BRDA:43,1,0,0
BRDA:43,1,1,0
BRDA:59,2,0,0
BRDA:59,2,1,0
BRDA:59,3,0,0
BRDA:59,3,1,0
BRDA:66,4,0,0
BRDA:66,4,1,0
BRDA:66,5,0,0
BRDA:66,5,1,0
BRDA:74,6,0,0
BRDA:74,6,1,0
BRDA:76,7,0,0
BRDA:76,7,1,0
BRDA:83,8,0,0
BRDA:83,8,1,0
BRDA:87,9,0,0
BRDA:87,9,1,0
BRDA:119,10,0,0
BRDA:119,10,1,0
BRDA:155,11,0,0
BRDA:155,11,1,0
BRDA:164,12,0,0
BRDA:164,12,1,0
BRDA:174,13,0,0
BRDA:174,13,1,0
BRDA:210,14,0,0
BRDA:210,14,1,0
BRDA:218,15,0,0
BRDA:218,15,1,0
BRDA:256,16,0,0
BRDA:256,16,1,0
BRF:36
BRH:0
end_of_record
TN:
SF:src\components\Expenses.jsx
FN:19,(anonymous_0)
FN:19,(anonymous_1)
FN:28,(anonymous_2)
FN:30,Expenses
FN:41,(anonymous_4)
FN:53,(anonymous_5)
FN:57,(anonymous_6)
FN:60,(anonymous_7)
FN:61,(anonymous_8)
FN:61,(anonymous_9)
FN:62,(anonymous_10)
FN:62,(anonymous_11)
FN:63,(anonymous_12)
FN:66,(anonymous_13)
FN:72,(anonymous_14)
FN:85,(anonymous_15)
FN:89,(anonymous_16)
FN:95,(anonymous_17)
FN:101,(anonymous_18)
FN:112,(anonymous_19)
FN:115,(anonymous_20)
FN:121,(anonymous_21)
FN:124,(anonymous_22)
FN:131,(anonymous_23)
FN:140,(anonymous_24)
FN:142,(anonymous_25)
FN:142,(anonymous_26)
FN:143,(anonymous_27)
FN:144,(anonymous_28)
FN:144,(anonymous_29)
FN:146,(anonymous_30)
FN:193,(anonymous_31)
FN:195,(anonymous_32)
FN:195,(anonymous_33)
FN:195,(anonymous_34)
FN:196,(anonymous_35)
FN:217,(anonymous_36)
FN:246,(anonymous_37)
FN:248,(anonymous_38)
FN:251,(anonymous_39)
FN:253,(anonymous_40)
FN:269,(anonymous_41)
FN:301,(anonymous_42)
FN:302,(anonymous_43)
FN:304,(anonymous_44)
FN:305,(anonymous_45)
FN:326,(anonymous_46)
FN:327,(anonymous_47)
FN:338,(anonymous_48)
FN:343,(anonymous_49)
FN:348,(anonymous_50)
FN:352,(anonymous_51)
FN:358,(anonymous_52)
FN:359,(anonymous_53)
FN:364,(anonymous_54)
FN:373,(anonymous_55)
FN:376,(anonymous_56)
FNF:57
FNH:38
FNDA:21,(anonymous_0)
FNDA:34,(anonymous_1)
FNDA:21,(anonymous_2)
FNDA:15,Expenses
FNDA:4,(anonymous_4)
FNDA:4,(anonymous_5)
FNDA:87,(anonymous_6)
FNDA:22,(anonymous_7)
FNDA:22,(anonymous_8)
FNDA:10,(anonymous_9)
FNDA:22,(anonymous_10)
FNDA:12,(anonymous_11)
FNDA:22,(anonymous_12)
FNDA:1,(anonymous_13)
FNDA:0,(anonymous_14)
FNDA:1,(anonymous_15)
FNDA:2,(anonymous_16)
FNDA:1,(anonymous_17)
FNDA:0,(anonymous_18)
FNDA:0,(anonymous_19)
FNDA:0,(anonymous_20)
FNDA:0,(anonymous_21)
FNDA:0,(anonymous_22)
FNDA:22,(anonymous_23)
FNDA:90,(anonymous_24)
FNDA:132,(anonymous_25)
FNDA:22,(anonymous_26)
FNDA:132,(anonymous_27)
FNDA:90,(anonymous_28)
FNDA:13,(anonymous_29)
FNDA:22,(anonymous_30)
FNDA:22,(anonymous_31)
FNDA:22,(anonymous_32)
FNDA:0,(anonymous_33)
FNDA:22,(anonymous_34)
FNDA:44,(anonymous_35)
FNDA:22,(anonymous_36)
FNDA:1,(anonymous_37)
FNDA:0,(anonymous_38)
FNDA:0,(anonymous_39)
FNDA:66,(anonymous_40)
FNDA:21,(anonymous_41)
FNDA:0,(anonymous_42)
FNDA:0,(anonymous_43)
FNDA:0,(anonymous_44)
FNDA:1,(anonymous_45)
FNDA:0,(anonymous_46)
FNDA:0,(anonymous_47)
FNDA:0,(anonymous_48)
FNDA:1,(anonymous_49)
FNDA:1,(anonymous_50)
FNDA:1,(anonymous_51)
FNDA:0,(anonymous_52)
FNDA:24,(anonymous_53)
FNDA:0,(anonymous_54)
FNDA:0,(anonymous_55)
FNDA:0,(anonymous_56)
DA:10,2
DA:19,34
DA:21,2
DA:27,2
DA:28,21
DA:31,15
DA:32,15
DA:33,15
DA:34,15
DA:35,15
DA:36,15
DA:37,15
DA:38,15
DA:39,15
DA:41,15
DA:42,4
DA:43,4
DA:44,4
DA:45,4
DA:47,0
DA:49,4
DA:53,15
DA:54,4
DA:57,87
DA:60,22
DA:61,22
DA:62,22
DA:63,22
DA:66,15
DA:67,1
DA:68,1
DA:69,1
DA:72,15
DA:73,0
DA:81,0
DA:82,0
DA:85,15
DA:86,1
DA:87,1
DA:88,1
DA:89,2
DA:91,0
DA:95,15
DA:96,1
DA:97,1
DA:98,1
DA:99,1
DA:100,0
DA:101,0
DA:103,1
DA:104,1
DA:106,1
DA:108,0
DA:112,15
DA:113,0
DA:114,0
DA:115,0
DA:117,0
DA:121,15
DA:122,0
DA:123,0
DA:124,0
DA:126,0
DA:131,15
DA:132,22
DA:134,22
DA:135,22
DA:136,22
DA:140,90
DA:142,132
DA:143,132
DA:144,90
DA:146,22
DA:148,15
DA:149,4
DA:159,11
DA:193,22
DA:195,22
DA:197,44
DA:218,22
DA:246,1
DA:248,0
DA:251,0
DA:253,66
DA:270,21
DA:271,21
DA:272,21
DA:301,0
DA:302,0
DA:304,0
DA:305,1
DA:326,0
DA:327,0
DA:338,0
DA:343,1
DA:348,1
DA:352,1
DA:358,0
DA:359,24
DA:364,0
DA:373,0
DA:376,0
LF:102
LH:74
BRDA:19,0,0,21
BRDA:19,0,1,0
BRDA:28,1,0,21
BRDA:28,1,1,0
BRDA:60,2,0,22
BRDA:60,2,1,0
BRDA:61,3,0,10
BRDA:61,3,1,0
BRDA:62,4,0,12
BRDA:62,4,1,0
BRDA:74,5,0,0
BRDA:74,5,1,0
BRDA:75,6,0,0
BRDA:75,6,1,0
BRDA:76,7,0,0
BRDA:76,7,1,0
BRDA:77,8,0,0
BRDA:77,8,1,0
BRDA:78,9,0,0
BRDA:78,9,1,0
BRDA:79,10,0,0
BRDA:79,10,1,0
BRDA:86,11,0,0
BRDA:86,11,1,1
BRDA:99,12,0,0
BRDA:99,12,1,1
BRDA:101,13,0,0
BRDA:101,13,1,0
BRDA:108,14,0,0
BRDA:108,14,1,0
BRDA:115,15,0,0
BRDA:115,15,1,0
BRDA:124,16,0,0
BRDA:124,16,1,0
BRDA:132,17,0,22
BRDA:132,17,1,2
BRDA:132,18,0,22
BRDA:132,18,1,0
BRDA:133,19,0,2
BRDA:133,19,1,0
BRDA:134,20,0,22
BRDA:134,20,1,0
BRDA:134,21,0,0
BRDA:134,21,1,0
BRDA:135,22,0,22
BRDA:135,22,1,0
BRDA:136,23,0,22
BRDA:136,23,1,21
BRDA:136,23,2,21
BRDA:142,24,0,22
BRDA:142,24,1,0
BRDA:148,25,0,4
BRDA:148,25,1,11
BRDA:181,26,0,11
BRDA:181,26,1,0
BRDA:277,27,0,21
BRDA:277,27,1,0
BRDA:281,28,0,21
BRDA:281,28,1,21
BRDA:295,29,0,21
BRDA:295,29,1,21
BRDA:300,30,0,21
BRDA:300,30,1,11
BRDA:311,31,0,15
BRDA:311,31,1,0
BRDA:322,32,0,15
BRDA:322,32,1,4
BRDA:327,33,0,0
BRDA:327,33,1,0
BRDA:327,33,2,0
BRDA:336,34,0,0
BRDA:336,34,1,4
BRDA:377,35,0,0
BRDA:377,35,1,4
BRF:74
BRH:32
end_of_record
TN:
SF:src\components\HR.jsx
FN:17,(anonymous_0)
FN:19,HR
FN:28,(anonymous_2)
FN:40,(anonymous_3)
FN:44,(anonymous_4)
FN:46,(anonymous_5)
FN:48,(anonymous_6)
FN:50,(anonymous_7)
FN:56,(anonymous_8)
FN:62,(anonymous_9)
FN:75,(anonymous_10)
FN:79,(anonymous_11)
FN:85,(anonymous_12)
FN:91,(anonymous_13)
FN:174,(anonymous_14)
FN:193,(anonymous_15)
FN:221,(anonymous_16)
FN:222,(anonymous_17)
FN:237,(anonymous_18)
FN:244,(anonymous_19)
FN:248,(anonymous_20)
FN:251,(anonymous_21)
FN:251,(anonymous_22)
FN:252,(anonymous_23)
FN:254,(anonymous_24)
FN:256,(anonymous_25)
FN:257,(anonymous_26)
FN:260,(anonymous_27)
FNF:28
FNH:0
FNDA:0,(anonymous_0)
FNDA:0,HR
FNDA:0,(anonymous_2)
FNDA:0,(anonymous_3)
FNDA:0,(anonymous_4)
FNDA:0,(anonymous_5)
FNDA:0,(anonymous_6)
FNDA:0,(anonymous_7)
FNDA:0,(anonymous_8)
FNDA:0,(anonymous_9)
FNDA:0,(anonymous_10)
FNDA:0,(anonymous_11)
FNDA:0,(anonymous_12)
FNDA:0,(anonymous_13)
FNDA:0,(anonymous_14)
FNDA:0,(anonymous_15)
FNDA:0,(anonymous_16)
FNDA:0,(anonymous_17)
FNDA:0,(anonymous_18)
FNDA:0,(anonymous_19)
FNDA:0,(anonymous_20)
FNDA:0,(anonymous_21)
FNDA:0,(anonymous_22)
FNDA:0,(anonymous_23)
FNDA:0,(anonymous_24)
FNDA:0,(anonymous_25)
FNDA:0,(anonymous_26)
FNDA:0,(anonymous_27)
DA:5,1
DA:7,1
DA:16,1
DA:17,1
DA:20,0
DA:21,0
DA:22,0
DA:23,0
DA:24,0
DA:25,0
DA:26,0
DA:28,0
DA:29,0
DA:30,0
DA:31,0
DA:32,0
DA:34,0
DA:36,0
DA:40,0
DA:41,0
DA:44,0
DA:46,0
DA:47,0
DA:48,0
DA:50,0
DA:56,0
DA:57,0
DA:58,0
DA:59,0
DA:62,0
DA:63,0
DA:71,0
DA:72,0
DA:75,0
DA:76,0
DA:77,0
DA:78,0
DA:79,0
DA:81,0
DA:85,0
DA:86,0
DA:87,0
DA:88,0
DA:89,0
DA:90,0
DA:91,0
DA:93,0
DA:94,0
DA:96,0
DA:98,0
DA:102,0
DA:103,0
DA:113,0
DA:174,0
DA:194,0
DA:221,0
DA:222,0
DA:237,0
DA:244,0
DA:248,0
DA:251,0
DA:252,0
DA:254,0
DA:256,0
DA:257,0
DA:260,0
LF:66
LH:4
BRDA:17,0,0,0
BRDA:17,0,1,0
BRDA:50,1,0,0
BRDA:50,1,1,0
BRDA:50,1,2,0
BRDA:53,2,0,0
BRDA:53,2,1,0
BRDA:64,3,0,0
BRDA:64,3,1,0
BRDA:65,4,0,0
BRDA:65,4,1,0
BRDA:66,5,0,0
BRDA:66,5,1,0
BRDA:67,6,0,0
BRDA:67,6,1,0
BRDA:68,7,0,0
BRDA:68,7,1,0
BRDA:69,8,0,0
BRDA:69,8,1,0
BRDA:76,9,0,0
BRDA:76,9,1,0
BRDA:89,10,0,0
BRDA:89,10,1,0
BRDA:91,11,0,0
BRDA:91,11,1,0
BRDA:102,12,0,0
BRDA:102,12,1,0
BRDA:134,13,0,0
BRDA:134,13,1,0
BRDA:198,14,0,0
BRDA:198,14,1,0
BRDA:208,15,0,0
BRDA:208,15,1,0
BRDA:216,16,0,0
BRDA:216,16,1,0
BRDA:235,17,0,0
BRDA:235,17,1,0
BRDA:242,18,0,0
BRDA:242,18,1,0
BRDA:261,19,0,0
BRDA:261,19,1,0
BRF:41
BRH:0
end_of_record
TN:
SF:src\components\Integrations.jsx
FN:103,Integrations
FN:104,(anonymous_1)
FN:106,(anonymous_2)
FN:106,(anonymous_3)
FN:112,(anonymous_4)
FN:113,(anonymous_5)
FN:116,(anonymous_6)
FN:119,(anonymous_7)
FN:121,(anonymous_8)
FN:126,(anonymous_9)
FN:153,(anonymous_10)
FN:156,(anonymous_11)
FN:157,(anonymous_12)
FN:165,(anonymous_13)
FN:173,(anonymous_14)
FN:178,(anonymous_15)
FN:200,(anonymous_16)
FN:225,(anonymous_17)
FNF:18
FNH:0
FNDA:0,Integrations
FNDA:0,(anonymous_1)
FNDA:0,(anonymous_2)
FNDA:0,(anonymous_3)
FNDA:0,(anonymous_4)
FNDA:0,(anonymous_5)
FNDA:0,(anonymous_6)
FNDA:0,(anonymous_7)
FNDA:0,(anonymous_8)
FNDA:0,(anonymous_9)
FNDA:0,(anonymous_10)
FNDA:0,(anonymous_11)
FNDA:0,(anonymous_12)
FNDA:0,(anonymous_13)
FNDA:0,(anonymous_14)
FNDA:0,(anonymous_15)
FNDA:0,(anonymous_16)
FNDA:0,(anonymous_17)
DA:4,1
DA:104,0
DA:105,0
DA:106,0
DA:107,0
DA:109,0
DA:110,0
DA:112,0
DA:113,0
DA:116,0
DA:117,0
DA:119,0
DA:122,0
DA:123,0
DA:124,0
DA:126,0
DA:128,0
DA:153,0
DA:157,0
DA:166,0
DA:173,0
DA:179,0
DA:180,0
DA:200,0
DA:225,0
LF:25
LH:1
BRDA:113,0,0,0
BRDA:113,0,1,0
BRDA:122,1,0,0
BRDA:122,1,1,0
BRDA:122,1,2,0
BRDA:123,2,0,0
BRDA:123,2,1,0
BRDA:124,3,0,0
BRDA:124,3,1,0
BRDA:157,4,0,0
BRDA:157,4,1,0
BRDA:158,5,0,0
BRDA:158,5,1,0
BRDA:158,6,0,0
BRDA:158,6,1,0
BRDA:181,7,0,0
BRDA:181,7,1,0
BRDA:182,8,0,0
BRDA:182,8,1,0
BRDA:186,9,0,0
BRDA:186,9,1,0
BRDA:202,10,0,0
BRDA:202,10,1,0
BRDA:207,11,0,0
BRDA:207,11,1,0
BRDA:221,12,0,0
BRDA:221,12,1,0
BRF:27
BRH:0
end_of_record
TN:
SF:src\components\Inventory.jsx
FN:5,Inventory
FN:16,(anonymous_1)
FN:28,(anonymous_2)
FN:32,(anonymous_3)
FN:37,(anonymous_4)
FN:46,(anonymous_5)
FN:50,(anonymous_6)
FN:56,(anonymous_7)
FN:62,(anonymous_8)
FN:75,(anonymous_9)
FN:86,(anonymous_10)
FN:154,(anonymous_11)
FN:178,(anonymous_12)
FN:202,(anonymous_13)
FN:205,(anonymous_14)
FN:228,(anonymous_15)
FN:236,(anonymous_16)
FN:244,(anonymous_17)
FN:250,(anonymous_18)
FN:254,(anonymous_19)
FN:266,(anonymous_20)
FN:270,(anonymous_21)
FN:275,(anonymous_22)
FNF:23
FNH:0
FNDA:0,Inventory
FNDA:0,(anonymous_1)
FNDA:0,(anonymous_2)
FNDA:0,(anonymous_3)
FNDA:0,(anonymous_4)
FNDA:0,(anonymous_5)
FNDA:0,(anonymous_6)
FNDA:0,(anonymous_7)
FNDA:0,(anonymous_8)
FNDA:0,(anonymous_9)
FNDA:0,(anonymous_10)
FNDA:0,(anonymous_11)
FNDA:0,(anonymous_12)
FNDA:0,(anonymous_13)
FNDA:0,(anonymous_14)
FNDA:0,(anonymous_15)
FNDA:0,(anonymous_16)
FNDA:0,(anonymous_17)
FNDA:0,(anonymous_18)
FNDA:0,(anonymous_19)
FNDA:0,(anonymous_20)
FNDA:0,(anonymous_21)
FNDA:0,(anonymous_22)
DA:6,0
DA:7,0
DA:8,0
DA:9,0
DA:12,0
DA:13,0
DA:14,0
DA:16,0
DA:17,0
DA:18,0
DA:19,0
DA:20,0
DA:22,0
DA:24,0
DA:28,0
DA:29,0
DA:32,0
DA:33,0
DA:37,0
DA:38,0
DA:39,0
DA:40,0
DA:41,0
DA:42,0
DA:46,0
DA:47,0
DA:48,0
DA:49,0
DA:50,0
DA:52,0
DA:56,0
DA:57,0
DA:58,0
DA:59,0
DA:62,0
DA:63,0
DA:71,0
DA:72,0
DA:75,0
DA:76,0
DA:77,0
DA:79,0
DA:80,0
DA:81,0
DA:86,0
DA:88,0
DA:93,0
DA:95,0
DA:97,0
DA:101,0
DA:102,0
DA:112,0
DA:154,0
DA:179,0
DA:202,0
DA:205,0
DA:228,0
DA:236,0
DA:244,0
DA:250,0
DA:254,0
DA:266,0
DA:270,0
DA:275,0
LF:64
LH:0
BRDA:33,0,0,0
BRDA:33,0,1,0
BRDA:38,1,0,0
BRDA:38,1,1,0
BRDA:38,1,2,0
BRDA:38,1,3,0
BRDA:47,2,0,0
BRDA:47,2,1,0
BRDA:77,3,0,0
BRDA:77,3,1,0
BRDA:77,4,0,0
BRDA:77,4,1,0
BRDA:80,5,0,0
BRDA:80,5,1,0
BRDA:86,6,0,0
BRDA:86,6,1,0
BRDA:97,7,0,0
BRDA:97,7,1,0
BRDA:101,8,0,0
BRDA:101,8,1,0
BRDA:117,9,0,0
BRDA:117,9,1,0
BRDA:178,10,0,0
BRDA:178,10,1,0
BRDA:226,11,0,0
BRDA:226,11,1,0
BRDA:234,12,0,0
BRDA:234,12,1,0
BRDA:277,13,0,0
BRDA:277,13,1,0
BRF:30
BRH:0
end_of_record
TN:
SF:src\components\POS.jsx
FN:7,POS
FN:19,(anonymous_1)
FN:35,(anonymous_2)
FN:39,(anonymous_3)
FN:40,(anonymous_4)
FN:41,(anonymous_5)
FN:42,(anonymous_6)
FN:47,(anonymous_7)
FN:48,(anonymous_8)
FN:48,(anonymous_9)
FN:48,(anonymous_10)
FN:51,(anonymous_11)
FN:51,(anonymous_12)
FN:51,(anonymous_13)
FN:53,(anonymous_14)
FN:58,(anonymous_15)
FN:73,(anonymous_16)
FN:82,(anonymous_17)
FN:92,(anonymous_18)
FN:121,(anonymous_19)
FN:126,(anonymous_20)
FN:126,(anonymous_21)
FN:127,(anonymous_22)
FN:145,(anonymous_23)
FN:146,(anonymous_24)
FN:150,(anonymous_25)
FN:179,(anonymous_26)
FN:191,(anonymous_27)
FN:199,(anonymous_28)
FN:201,(anonymous_29)
FN:203,(anonymous_30)
FN:215,(anonymous_31)
FN:216,(anonymous_32)
FN:231,(anonymous_33)
FN:232,(anonymous_34)
FNF:35
FNH:0
FNDA:0,POS
FNDA:0,(anonymous_1)
FNDA:0,(anonymous_2)
FNDA:0,(anonymous_3)
FNDA:0,(anonymous_4)
FNDA:0,(anonymous_5)
FNDA:0,(anonymous_6)
FNDA:0,(anonymous_7)
FNDA:0,(anonymous_8)
FNDA:0,(anonymous_9)
FNDA:0,(anonymous_10)
FNDA:0,(anonymous_11)
FNDA:0,(anonymous_12)
FNDA:0,(anonymous_13)
FNDA:0,(anonymous_14)
FNDA:0,(anonymous_15)
FNDA:0,(anonymous_16)
FNDA:0,(anonymous_17)
FNDA:0,(anonymous_18)
FNDA:0,(anonymous_19)
FNDA:0,(anonymous_20)
FNDA:0,(anonymous_21)
FNDA:0,(anonymous_22)
FNDA:0,(anonymous_23)
FNDA:0,(anonymous_24)
FNDA:0,(anonymous_25)
FNDA:0,(anonymous_26)
FNDA:0,(anonymous_27)
FNDA:0,(anonymous_28)
FNDA:0,(anonymous_29)
FNDA:0,(anonymous_30)
FNDA:0,(anonymous_31)
FNDA:0,(anonymous_32)
FNDA:0,(anonymous_33)
FNDA:0,(anonymous_34)
DA:5,1
DA:8,0
DA:9,0
DA:10,0
DA:11,0
DA:12,0
DA:13,0
DA:14,0
DA:15,0
DA:16,0
DA:17,0
DA:19,0
DA:20,0
DA:21,0
DA:22,0
DA:26,0
DA:27,0
DA:29,0
DA:31,0
DA:35,0
DA:36,0
DA:39,0
DA:40,0
DA:41,0
DA:42,0
DA:43,0
DA:47,0
DA:48,0
DA:51,0
DA:53,0
DA:54,0
DA:55,0
DA:56,0
DA:58,0
DA:59,0
DA:60,0
DA:62,0
DA:63,0
DA:64,0
DA:65,0
DA:68,0
DA:73,0
DA:80,0
DA:81,0
DA:82,0
DA:83,0
DA:84,0
DA:85,0
DA:88,0
DA:92,0
DA:97,0
DA:98,0
DA:108,0
DA:121,0
DA:126,0
DA:127,0
DA:146,0
DA:147,0
DA:150,0
DA:179,0
DA:192,0
DA:199,0
DA:201,0
DA:203,0
DA:216,0
DA:232,0
LF:66
LH:1
BRDA:42,0,0,0
BRDA:42,0,1,0
BRDA:42,1,0,0
BRDA:42,1,1,0
BRDA:48,2,0,0
BRDA:48,2,1,0
BRDA:59,3,0,0
BRDA:59,3,1,0
BRDA:63,4,0,0
BRDA:63,4,1,0
BRDA:92,5,0,0
BRDA:92,5,1,0
BRDA:92,5,2,0
BRDA:97,6,0,0
BRDA:97,6,1,0
BRDA:127,7,0,0
BRDA:127,7,1,0
BRDA:134,8,0,0
BRDA:134,8,1,0
BRDA:153,9,0,0
BRDA:153,9,1,0
BRDA:164,10,0,0
BRDA:164,10,1,0
BRDA:164,10,2,0
BRDA:179,11,0,0
BRDA:179,11,1,0
BRDA:185,12,0,0
BRDA:185,12,1,0
BRDA:216,13,0,0
BRDA:216,13,1,0
BRDA:224,14,0,0
BRDA:224,14,1,0
BRDA:232,15,0,0
BRDA:232,15,1,0
BRDA:242,16,0,0
BRDA:242,16,1,0
BRDA:244,17,0,0
BRDA:244,17,1,0
BRF:38
BRH:0
end_of_record
TN:
SF:src\components\Pipeline.jsx
FN:13,Pipeline
FN:23,(anonymous_1)
FN:35,(anonymous_2)
FN:39,(anonymous_3)
FN:41,(anonymous_4)
FN:46,(anonymous_5)
FN:52,(anonymous_6)
FN:58,(anonymous_7)
FN:70,(anonymous_8)
FN:83,(anonymous_9)
FN:138,(anonymous_10)
FN:139,(anonymous_11)
FN:150,(anonymous_12)
FN:157,(anonymous_13)
FN:160,(anonymous_14)
FN:165,(anonymous_15)
FN:208,(anonymous_16)
FN:216,(anonymous_17)
FN:224,(anonymous_18)
FN:230,(anonymous_19)
FN:234,(anonymous_20)
FN:235,(anonymous_21)
FN:241,(anonymous_22)
FNF:23
FNH:0
FNDA:0,Pipeline
FNDA:0,(anonymous_1)
FNDA:0,(anonymous_2)
FNDA:0,(anonymous_3)
FNDA:0,(anonymous_4)
FNDA:0,(anonymous_5)
FNDA:0,(anonymous_6)
FNDA:0,(anonymous_7)
FNDA:0,(anonymous_8)
FNDA:0,(anonymous_9)
FNDA:0,(anonymous_10)
FNDA:0,(anonymous_11)
FNDA:0,(anonymous_12)
FNDA:0,(anonymous_13)
FNDA:0,(anonymous_14)
FNDA:0,(anonymous_15)
FNDA:0,(anonymous_16)
FNDA:0,(anonymous_17)
FNDA:0,(anonymous_18)
FNDA:0,(anonymous_19)
FNDA:0,(anonymous_20)
FNDA:0,(anonymous_21)
FNDA:0,(anonymous_22)
DA:5,1
DA:14,0
DA:15,0
DA:16,0
DA:19,0
DA:20,0
DA:21,0
DA:23,0
DA:24,0
DA:25,0
DA:26,0
DA:27,0
DA:29,0
DA:31,0
DA:35,0
DA:36,0
DA:39,0
DA:41,0
DA:42,0
DA:43,0
DA:44,0
DA:45,0
DA:46,0
DA:48,0
DA:52,0
DA:53,0
DA:54,0
DA:55,0
DA:58,0
DA:59,0
DA:60,0
DA:66,0
DA:67,0
DA:70,0
DA:71,0
DA:72,0
DA:74,0
DA:75,0
DA:81,0
DA:82,0
DA:83,0
DA:85,0
DA:86,0
DA:88,0
DA:90,0
DA:94,0
DA:95,0
DA:105,0
DA:139,0
DA:141,0
DA:150,0
DA:158,0
DA:160,0
DA:165,0
DA:208,0
DA:216,0
DA:224,0
DA:230,0
DA:234,0
DA:235,0
DA:241,0
LF:61
LH:1
BRDA:42,0,0,0
BRDA:42,0,1,0
BRDA:43,1,0,0
BRDA:43,1,1,0
BRDA:59,2,0,0
BRDA:59,2,1,0
BRDA:72,3,0,0
BRDA:72,3,1,0
BRDA:72,4,0,0
BRDA:72,4,1,0
BRDA:81,5,0,0
BRDA:81,5,1,0
BRDA:83,6,0,0
BRDA:83,6,1,0
BRDA:90,7,0,0
BRDA:90,7,1,0
BRDA:94,8,0,0
BRDA:94,8,1,0
BRDA:126,9,0,0
BRDA:126,9,1,0
BRDA:190,10,0,0
BRDA:190,10,1,0
BRDA:206,11,0,0
BRDA:206,11,1,0
BRDA:214,12,0,0
BRDA:214,12,1,0
BRDA:243,13,0,0
BRDA:243,13,1,0
BRF:28
BRH:0
end_of_record
TN:
SF:src\components\Projects.jsx
FN:29,(anonymous_0)
FN:47,Projects
FN:64,(anonymous_2)
FN:76,(anonymous_3)
FN:80,(anonymous_4)
FN:83,(anonymous_5)
FN:89,(anonymous_6)
FN:96,(anonymous_7)
FN:101,(anonymous_8)
FN:108,(anonymous_9)
FN:113,(anonymous_10)
FN:125,(anonymous_11)
FN:131,(anonymous_12)
FN:137,(anonymous_13)
FN:141,(anonymous_14)
FN:142,(anonymous_15)
FN:150,(anonymous_16)
FN:156,(anonymous_17)
FN:157,(anonymous_18)
FN:162,(anonymous_19)
FN:173,(anonymous_20)
FN:192,(anonymous_21)
FN:193,(anonymous_22)
FN:202,(anonymous_23)
FN:214,(anonymous_24)
FN:224,(anonymous_25)
FN:236,(anonymous_26)
FN:243,(anonymous_27)
FN:246,(anonymous_28)
FN:247,(anonymous_29)
FN:267,(anonymous_30)
FN:280,(anonymous_31)
FN:298,(anonymous_32)
FN:299,(anonymous_33)
FN:307,(anonymous_34)
FN:312,(anonymous_35)
FN:316,(anonymous_36)
FN:321,(anonymous_37)
FN:325,(anonymous_38)
FN:332,(anonymous_39)
FN:333,(anonymous_40)
FN:337,(anonymous_41)
FN:381,(anonymous_42)
FN:382,(anonymous_43)
FN:383,(anonymous_44)
FN:384,(anonymous_45)
FN:399,(anonymous_46)
FN:405,(anonymous_47)
FN:410,(anonymous_48)
FN:411,(anonymous_49)
FN:430,(anonymous_50)
FN:431,(anonymous_51)
FN:480,(anonymous_52)
FN:481,(anonymous_53)
FN:489,(anonymous_54)
FN:494,(anonymous_55)
FN:498,(anonymous_56)
FN:503,(anonymous_57)
FN:512,(anonymous_58)
FN:517,(anonymous_59)
FN:520,(anonymous_60)
FNF:61
FNH:0
FNDA:0,(anonymous_0)
FNDA:0,Projects
FNDA:0,(anonymous_2)
FNDA:0,(anonymous_3)
FNDA:0,(anonymous_4)
FNDA:0,(anonymous_5)
FNDA:0,(anonymous_6)
FNDA:0,(anonymous_7)
FNDA:0,(anonymous_8)
FNDA:0,(anonymous_9)
FNDA:0,(anonymous_10)
FNDA:0,(anonymous_11)
FNDA:0,(anonymous_12)
FNDA:0,(anonymous_13)
FNDA:0,(anonymous_14)
FNDA:0,(anonymous_15)
FNDA:0,(anonymous_16)
FNDA:0,(anonymous_17)
FNDA:0,(anonymous_18)
FNDA:0,(anonymous_19)
FNDA:0,(anonymous_20)
FNDA:0,(anonymous_21)
FNDA:0,(anonymous_22)
FNDA:0,(anonymous_23)
FNDA:0,(anonymous_24)
FNDA:0,(anonymous_25)
FNDA:0,(anonymous_26)
FNDA:0,(anonymous_27)
FNDA:0,(anonymous_28)
FNDA:0,(anonymous_29)
FNDA:0,(anonymous_30)
FNDA:0,(anonymous_31)
FNDA:0,(anonymous_32)
FNDA:0,(anonymous_33)
FNDA:0,(anonymous_34)
FNDA:0,(anonymous_35)
FNDA:0,(anonymous_36)
FNDA:0,(anonymous_37)
FNDA:0,(anonymous_38)
FNDA:0,(anonymous_39)
FNDA:0,(anonymous_40)
FNDA:0,(anonymous_41)
FNDA:0,(anonymous_42)
FNDA:0,(anonymous_43)
FNDA:0,(anonymous_44)
FNDA:0,(anonymous_45)
FNDA:0,(anonymous_46)
FNDA:0,(anonymous_47)
FNDA:0,(anonymous_48)
FNDA:0,(anonymous_49)
FNDA:0,(anonymous_50)
FNDA:0,(anonymous_51)
FNDA:0,(anonymous_52)
FNDA:0,(anonymous_53)
FNDA:0,(anonymous_54)
FNDA:0,(anonymous_55)
FNDA:0,(anonymous_56)
FNDA:0,(anonymous_57)
FNDA:0,(anonymous_58)
FNDA:0,(anonymous_59)
FNDA:0,(anonymous_60)
DA:9,1
DA:11,1
DA:18,1
DA:24,1
DA:29,1
DA:31,1
DA:38,1
DA:48,0
DA:49,0
DA:50,0
DA:51,0
DA:52,0
DA:55,0
DA:56,0
DA:57,0
DA:60,0
DA:61,0
DA:62,0
DA:64,0
DA:65,0
DA:66,0
DA:67,0
DA:68,0
DA:70,0
DA:72,0
DA:76,0
DA:77,0
DA:80,0
DA:83,0
DA:84,0
DA:85,0
DA:86,0
DA:89,0
DA:90,0
DA:91,0
DA:92,0
DA:93,0
DA:96,0
DA:97,0
DA:98,0
DA:99,0
DA:100,0
DA:101,0
DA:102,0
DA:104,0
DA:108,0
DA:109,0
DA:110,0
DA:111,0
DA:112,0
DA:113,0
DA:115,0
DA:116,0
DA:118,0
DA:120,0
DA:125,0
DA:126,0
DA:127,0
DA:128,0
DA:131,0
DA:132,0
DA:133,0
DA:134,0
DA:137,0
DA:138,0
DA:139,0
DA:140,0
DA:141,0
DA:142,0
DA:146,0
DA:150,0
DA:151,0
DA:152,0
DA:153,0
DA:154,0
DA:155,0
DA:156,0
DA:157,0
DA:161,0
DA:162,0
DA:167,0
DA:169,0
DA:173,0
DA:178,0
DA:179,0
DA:190,0
DA:191,0
DA:192,0
DA:193,0
DA:194,0
DA:197,0
DA:202,0
DA:214,0
DA:225,0
DA:226,0
DA:227,0
DA:236,0
DA:244,0
DA:246,0
DA:247,0
DA:267,0
DA:280,0
DA:298,0
DA:299,0
DA:307,0
DA:312,0
DA:316,0
DA:321,0
DA:325,0
DA:332,0
DA:333,0
DA:337,0
DA:349,0
DA:381,0
DA:382,0
DA:383,0
DA:385,0
DA:399,0
DA:406,0
DA:407,0
DA:410,0
DA:411,0
DA:430,0
DA:431,0
DA:480,0
DA:481,0
DA:489,0
DA:494,0
DA:498,0
DA:503,0
DA:512,0
DA:517,0
DA:520,0
LF:133
LH:7
BRDA:29,0,0,0
BRDA:29,0,1,0
BRDA:98,1,0,0
BRDA:98,1,1,0
BRDA:102,2,0,0
BRDA:102,2,1,0
BRDA:111,3,0,0
BRDA:111,3,1,0
BRDA:113,4,0,0
BRDA:113,4,1,0
BRDA:125,5,0,0
BRDA:138,6,0,0
BRDA:138,6,1,0
BRDA:141,7,0,0
BRDA:141,7,1,0
BRDA:154,8,0,0
BRDA:154,8,1,0
BRDA:156,9,0,0
BRDA:156,9,1,0
BRDA:157,10,0,0
BRDA:157,10,1,0
BRDA:162,11,0,0
BRDA:162,11,1,0
BRDA:163,12,0,0
BRDA:163,12,1,0
BRDA:173,13,0,0
BRDA:173,13,1,0
BRDA:174,14,0,0
BRDA:174,14,1,0
BRDA:175,15,0,0
BRDA:175,15,1,0
BRDA:178,16,0,0
BRDA:178,16,1,0
BRDA:190,17,0,0
BRDA:190,17,1,0
BRDA:191,18,0,0
BRDA:191,18,1,0
BRDA:247,19,0,0
BRDA:247,19,1,0
BRDA:247,19,2,0
BRDA:253,20,0,0
BRDA:253,20,1,0
BRDA:263,21,0,0
BRDA:263,21,1,0
BRDA:278,22,0,0
BRDA:278,22,1,0
BRDA:294,23,0,0
BRDA:294,23,1,0
BRDA:299,24,0,0
BRDA:299,24,1,0
BRDA:299,24,2,0
BRDA:306,25,0,0
BRDA:306,25,1,0
BRDA:316,26,0,0
BRDA:316,26,1,0
BRDA:338,27,0,0
BRDA:338,27,1,0
BRDA:369,28,0,0
BRDA:369,28,1,0
BRDA:381,29,0,0
BRDA:381,29,1,0
BRDA:383,30,0,0
BRDA:383,30,1,0
BRDA:406,31,0,0
BRDA:406,31,1,0
BRDA:411,32,0,0
BRDA:411,32,1,0
BRDA:411,32,2,0
BRDA:426,33,0,0
BRDA:426,33,1,0
BRDA:456,34,0,0
BRDA:456,34,1,0
BRDA:476,35,0,0
BRDA:476,35,1,0
BRDA:481,36,0,0
BRDA:481,36,1,0
BRDA:481,36,2,0
BRDA:488,37,0,0
BRDA:488,37,1,0
BRDA:498,38,0,0
BRDA:498,38,1,0
BRDA:512,39,0,0
BRDA:512,39,1,0
BRDA:521,40,0,0
BRDA:521,40,1,0
BRF:85
BRH:0
end_of_record
TN:
SF:src\components\Sales.jsx
FN:5,Sales
FN:17,(anonymous_1)
FN:19,(anonymous_2)
FN:32,(anonymous_3)
FN:37,(anonymous_4)
FN:44,(anonymous_5)
FN:54,(anonymous_6)
FN:59,(anonymous_7)
FN:69,(anonymous_8)
FN:73,(anonymous_9)
FN:79,(anonymous_10)
FN:85,(anonymous_11)
FN:96,(anonymous_12)
FN:110,(anonymous_13)
FN:200,(anonymous_14)
FN:224,(anonymous_15)
FN:250,(anonymous_16)
FN:257,(anonymous_17)
FN:284,(anonymous_18)
FN:285,(anonymous_19)
FN:297,(anonymous_20)
FN:308,(anonymous_21)
FN:320,(anonymous_22)
FN:334,(anonymous_23)
FN:344,(anonymous_24)
FN:357,(anonymous_25)
FNF:26
FNH:0
FNDA:0,Sales
FNDA:0,(anonymous_1)
FNDA:0,(anonymous_2)
FNDA:0,(anonymous_3)
FNDA:0,(anonymous_4)
FNDA:0,(anonymous_5)
FNDA:0,(anonymous_6)
FNDA:0,(anonymous_7)
FNDA:0,(anonymous_8)
FNDA:0,(anonymous_9)
FNDA:0,(anonymous_10)
FNDA:0,(anonymous_11)
FNDA:0,(anonymous_12)
FNDA:0,(anonymous_13)
FNDA:0,(anonymous_14)
FNDA:0,(anonymous_15)
FNDA:0,(anonymous_16)
FNDA:0,(anonymous_17)
FNDA:0,(anonymous_18)
FNDA:0,(anonymous_19)
FNDA:0,(anonymous_20)
FNDA:0,(anonymous_21)
FNDA:0,(anonymous_22)
FNDA:0,(anonymous_23)
FNDA:0,(anonymous_24)
FNDA:0,(anonymous_25)
DA:6,0
DA:7,0
DA:8,0
DA:9,0
DA:12,0
DA:13,0
DA:14,0
DA:17,0
DA:19,0
DA:20,0
DA:21,0
DA:22,0
DA:23,0
DA:24,0
DA:26,0
DA:28,0
DA:32,0
DA:33,0
DA:37,0
DA:38,0
DA:39,0
DA:40,0
DA:41,0
DA:42,0
DA:44,0
DA:45,0
DA:46,0
DA:47,0
DA:48,0
DA:50,0
DA:54,0
DA:55,0
DA:59,0
DA:60,0
DA:61,0
DA:62,0
DA:63,0
DA:64,0
DA:69,0
DA:70,0
DA:71,0
DA:72,0
DA:73,0
DA:75,0
DA:79,0
DA:80,0
DA:81,0
DA:82,0
DA:85,0
DA:86,0
DA:92,0
DA:93,0
DA:96,0
DA:97,0
DA:98,0
DA:100,0
DA:101,0
DA:108,0
DA:109,0
DA:110,0
DA:112,0
DA:113,0
DA:115,0
DA:117,0
DA:121,0
DA:122,0
DA:132,0
DA:200,0
DA:225,0
DA:250,0
DA:257,0
DA:284,0
DA:285,0
DA:297,0
DA:308,0
DA:320,0
DA:334,0
DA:344,0
DA:357,0
LF:79
LH:0
BRDA:46,0,0,0
BRDA:46,0,1,0
BRDA:47,1,0,0
BRDA:47,1,1,0
BRDA:48,2,0,0
BRDA:48,2,1,0
BRDA:55,3,0,0
BRDA:55,3,1,0
BRDA:60,4,0,0
BRDA:60,4,1,0
BRDA:60,4,2,0
BRDA:60,4,3,0
BRDA:70,5,0,0
BRDA:70,5,1,0
BRDA:88,6,0,0
BRDA:88,6,1,0
BRDA:98,7,0,0
BRDA:98,7,1,0
BRDA:98,8,0,0
BRDA:98,8,1,0
BRDA:103,9,0,0
BRDA:103,9,1,0
BRDA:108,10,0,0
BRDA:108,10,1,0
BRDA:110,11,0,0
BRDA:110,11,1,0
BRDA:117,12,0,0
BRDA:117,12,1,0
BRDA:121,13,0,0
BRDA:121,13,1,0
BRDA:156,14,0,0
BRDA:156,14,1,0
BRDA:224,15,0,0
BRDA:224,15,1,0
BRDA:280,16,0,0
BRDA:280,16,1,0
BRDA:285,17,0,0
BRDA:285,17,1,0
BRDA:285,17,2,0
BRDA:295,18,0,0
BRDA:295,18,1,0
BRDA:366,19,0,0
BRDA:366,19,1,0
BRF:43
BRH:0
end_of_record
TN:
SF:src\components\Subscriptions.jsx
FN:9,(anonymous_0)
FN:24,Subscriptions
FN:34,(anonymous_2)
FN:46,(anonymous_3)
FN:50,(anonymous_4)
FN:52,(anonymous_5)
FN:53,(anonymous_6)
FN:60,(anonymous_7)
FN:66,(anonymous_8)
FN:72,(anonymous_9)
FN:76,(anonymous_10)
FN:82,(anonymous_11)
FN:87,(anonymous_12)
FN:98,(anonymous_13)
FN:139,(anonymous_14)
FN:140,(anonymous_15)
FN:141,(anonymous_16)
FN:156,(anonymous_17)
FN:159,(anonymous_18)
FN:160,(anonymous_19)
FN:182,(anonymous_20)
FN:207,(anonymous_21)
FN:208,(anonymous_22)
FN:231,(anonymous_23)
FN:232,(anonymous_24)
FN:240,(anonymous_25)
FN:244,(anonymous_26)
FN:245,(anonymous_27)
FN:248,(anonymous_28)
FN:248,(anonymous_29)
FN:249,(anonymous_30)
FN:249,(anonymous_31)
FN:250,(anonymous_32)
FN:253,(anonymous_33)
FN:254,(anonymous_34)
FN:258,(anonymous_35)
FN:261,(anonymous_36)
FNF:37
FNH:0
FNDA:0,(anonymous_0)
FNDA:0,Subscriptions
FNDA:0,(anonymous_2)
FNDA:0,(anonymous_3)
FNDA:0,(anonymous_4)
FNDA:0,(anonymous_5)
FNDA:0,(anonymous_6)
FNDA:0,(anonymous_7)
FNDA:0,(anonymous_8)
FNDA:0,(anonymous_9)
FNDA:0,(anonymous_10)
FNDA:0,(anonymous_11)
FNDA:0,(anonymous_12)
FNDA:0,(anonymous_13)
FNDA:0,(anonymous_14)
FNDA:0,(anonymous_15)
FNDA:0,(anonymous_16)
FNDA:0,(anonymous_17)
FNDA:0,(anonymous_18)
FNDA:0,(anonymous_19)
FNDA:0,(anonymous_20)
FNDA:0,(anonymous_21)
FNDA:0,(anonymous_22)
FNDA:0,(anonymous_23)
FNDA:0,(anonymous_24)
FNDA:0,(anonymous_25)
FNDA:0,(anonymous_26)
FNDA:0,(anonymous_27)
FNDA:0,(anonymous_28)
FNDA:0,(anonymous_29)
FNDA:0,(anonymous_30)
FNDA:0,(anonymous_31)
FNDA:0,(anonymous_32)
FNDA:0,(anonymous_33)
FNDA:0,(anonymous_34)
FNDA:0,(anonymous_35)
FNDA:0,(anonymous_36)
DA:5,1
DA:6,1
DA:8,1
DA:9,1
DA:11,1
DA:17,1
DA:25,0
DA:26,0
DA:27,0
DA:28,0
DA:29,0
DA:30,0
DA:31,0
DA:32,0
DA:34,0
DA:35,0
DA:36,0
DA:37,0
DA:38,0
DA:40,0
DA:42,0
DA:46,0
DA:47,0
DA:50,0
DA:52,0
DA:53,0
DA:54,0
DA:55,0
DA:56,0
DA:57,0
DA:60,0
DA:61,0
DA:62,0
DA:63,0
DA:66,0
DA:67,0
DA:68,0
DA:69,0
DA:72,0
DA:73,0
DA:74,0
DA:75,0
DA:76,0
DA:78,0
DA:82,0
DA:83,0
DA:84,0
DA:85,0
DA:86,0
DA:87,0
DA:89,0
DA:90,0
DA:92,0
DA:94,0
DA:98,0
DA:103,0
DA:104,0
DA:114,0
DA:139,0
DA:140,0
DA:142,0
DA:156,0
DA:160,0
DA:183,0
DA:184,0
DA:185,0
DA:186,0
DA:207,0
DA:208,0
DA:231,0
DA:232,0
DA:240,0
DA:244,0
DA:245,0
DA:248,0
DA:249,0
DA:250,0
DA:253,0
DA:254,0
DA:258,0
DA:261,0
LF:81
LH:6
BRDA:9,0,0,0
BRDA:9,0,1,0
BRDA:52,1,0,0
BRDA:52,1,1,0
BRDA:55,2,0,0
BRDA:55,2,1,0
BRDA:56,3,0,0
BRDA:56,3,1,0
BRDA:57,4,0,0
BRDA:57,4,1,0
BRDA:73,5,0,0
BRDA:73,5,1,0
BRDA:85,6,0,0
BRDA:85,6,1,0
BRDA:87,7,0,0
BRDA:87,7,1,0
BRDA:98,8,0,0
BRDA:98,8,1,0
BRDA:98,8,2,0
BRDA:98,8,3,0
BRDA:103,9,0,0
BRDA:103,9,1,0
BRDA:160,10,0,0
BRDA:160,10,1,0
BRDA:183,11,0,0
BRDA:183,11,1,0
BRDA:184,12,0,0
BRDA:184,12,1,0
BRDA:185,13,0,0
BRDA:185,13,1,0
BRDA:190,14,0,0
BRDA:190,14,1,0
BRDA:202,15,0,0
BRDA:202,15,1,0
BRDA:216,16,0,0
BRDA:216,16,1,0
BRDA:227,17,0,0
BRDA:227,17,1,0
BRDA:232,18,0,0
BRDA:232,18,1,0
BRDA:232,18,2,0
BRDA:239,19,0,0
BRDA:239,19,1,0
BRDA:250,20,0,0
BRDA:250,20,1,0
BRDA:258,21,0,0
BRDA:258,21,1,0
BRDA:263,22,0,0
BRDA:263,22,1,0
BRF:49
BRH:0
end_of_record
TN:
SF:src\components\Suppliers.jsx
FN:5,Suppliers
FN:23,(anonymous_1)
FN:39,(anonymous_2)
FN:43,(anonymous_3)
FN:45,(anonymous_4)
FN:56,(anonymous_5)
FN:67,(anonymous_6)
FN:68,(anonymous_7)
FN:69,(anonymous_8)
FN:73,(anonymous_9)
FN:78,(anonymous_10)
FN:83,(anonymous_11)
FN:95,(anonymous_12)
FN:96,(anonymous_13)
FN:97,(anonymous_14)
FN:101,(anonymous_15)
FN:106,(anonymous_16)
FN:112,(anonymous_17)
FN:123,(anonymous_18)
FN:127,(anonymous_19)
FN:177,(anonymous_20)
FN:180,(anonymous_21)
FN:193,(anonymous_22)
FN:212,(anonymous_23)
FN:231,(anonymous_24)
FN:232,(anonymous_25)
FN:263,(anonymous_26)
FN:282,(anonymous_27)
FN:283,(anonymous_28)
FN:303,(anonymous_29)
FN:304,(anonymous_30)
FN:312,(anonymous_31)
FN:316,(anonymous_32)
FN:317,(anonymous_33)
FN:320,(anonymous_34)
FN:321,(anonymous_35)
FN:324,(anonymous_36)
FN:325,(anonymous_37)
FN:328,(anonymous_38)
FN:341,(anonymous_39)
FN:342,(anonymous_40)
FN:350,(anonymous_41)
FN:353,(anonymous_42)
FN:353,(anonymous_43)
FN:354,(anonymous_44)
FN:356,(anonymous_45)
FN:358,(anonymous_46)
FN:360,(anonymous_47)
FNF:48
FNH:0
FNDA:0,Suppliers
FNDA:0,(anonymous_1)
FNDA:0,(anonymous_2)
FNDA:0,(anonymous_3)
FNDA:0,(anonymous_4)
FNDA:0,(anonymous_5)
FNDA:0,(anonymous_6)
FNDA:0,(anonymous_7)
FNDA:0,(anonymous_8)
FNDA:0,(anonymous_9)
FNDA:0,(anonymous_10)
FNDA:0,(anonymous_11)
FNDA:0,(anonymous_12)
FNDA:0,(anonymous_13)
FNDA:0,(anonymous_14)
FNDA:0,(anonymous_15)
FNDA:0,(anonymous_16)
FNDA:0,(anonymous_17)
FNDA:0,(anonymous_18)
FNDA:0,(anonymous_19)
FNDA:0,(anonymous_20)
FNDA:0,(anonymous_21)
FNDA:0,(anonymous_22)
FNDA:0,(anonymous_23)
FNDA:0,(anonymous_24)
FNDA:0,(anonymous_25)
FNDA:0,(anonymous_26)
FNDA:0,(anonymous_27)
FNDA:0,(anonymous_28)
FNDA:0,(anonymous_29)
FNDA:0,(anonymous_30)
FNDA:0,(anonymous_31)
FNDA:0,(anonymous_32)
FNDA:0,(anonymous_33)
FNDA:0,(anonymous_34)
FNDA:0,(anonymous_35)
FNDA:0,(anonymous_36)
FNDA:0,(anonymous_37)
FNDA:0,(anonymous_38)
FNDA:0,(anonymous_39)
FNDA:0,(anonymous_40)
FNDA:0,(anonymous_41)
FNDA:0,(anonymous_42)
FNDA:0,(anonymous_43)
FNDA:0,(anonymous_44)
FNDA:0,(anonymous_45)
FNDA:0,(anonymous_46)
FNDA:0,(anonymous_47)
DA:6,0
DA:7,0
DA:8,0
DA:9,0
DA:10,0
DA:11,0
DA:14,0
DA:15,0
DA:16,0
DA:19,0
DA:20,0
DA:21,0
DA:23,0
DA:24,0
DA:25,0
DA:26,0
DA:30,0
DA:31,0
DA:33,0
DA:35,0
DA:39,0
DA:40,0
DA:43,0
DA:45,0
DA:46,0
DA:47,0
DA:48,0
DA:49,0
DA:50,0
DA:51,0
DA:52,0
DA:56,0
DA:57,0
DA:58,0
DA:59,0
DA:60,0
DA:61,0
DA:62,0
DA:67,0
DA:68,0
DA:69,0
DA:70,0
DA:71,0
DA:72,0
DA:73,0
DA:75,0
DA:78,0
DA:79,0
DA:80,0
DA:81,0
DA:82,0
DA:83,0
DA:85,0
DA:86,0
DA:88,0
DA:90,0
DA:95,0
DA:96,0
DA:97,0
DA:98,0
DA:99,0
DA:100,0
DA:101,0
DA:103,0
DA:106,0
DA:107,0
DA:108,0
DA:109,0
DA:110,0
DA:111,0
DA:112,0
DA:114,0
DA:115,0
DA:117,0
DA:119,0
DA:123,0
DA:127,0
DA:132,0
DA:133,0
DA:143,0
DA:178,0
DA:180,0
DA:193,0
DA:213,0
DA:231,0
DA:232,0
DA:264,0
DA:282,0
DA:283,0
DA:303,0
DA:304,0
DA:312,0
DA:316,0
DA:317,0
DA:320,0
DA:321,0
DA:324,0
DA:325,0
DA:328,0
DA:341,0
DA:342,0
DA:350,0
DA:353,0
DA:354,0
DA:356,0
DA:358,0
DA:360,0
LF:107
LH:0
BRDA:46,0,0,0
BRDA:46,0,1,0
BRDA:46,0,2,0
BRDA:46,0,3,0
BRDA:46,0,4,0
BRDA:46,0,5,0
BRDA:57,1,0,0
BRDA:57,1,1,0
BRDA:58,2,0,0
BRDA:58,2,1,0
BRDA:58,2,2,0
BRDA:58,2,3,0
BRDA:68,3,0,0
BRDA:68,3,1,0
BRDA:68,4,0,0
BRDA:68,4,1,0
BRDA:68,5,0,0
BRDA:68,5,1,0
BRDA:68,6,0,0
BRDA:68,6,1,0
BRDA:68,7,0,0
BRDA:68,7,1,0
BRDA:68,8,0,0
BRDA:68,8,1,0
BRDA:70,9,0,0
BRDA:70,9,1,0
BRDA:81,10,0,0
BRDA:81,10,1,0
BRDA:83,11,0,0
BRDA:83,11,1,0
BRDA:95,12,0,0
BRDA:95,12,1,0
BRDA:98,13,0,0
BRDA:98,13,1,0
BRDA:110,14,0,0
BRDA:110,14,1,0
BRDA:112,15,0,0
BRDA:112,15,1,0
BRDA:123,16,0,0
BRDA:123,16,1,0
BRDA:124,17,0,0
BRDA:124,17,1,0
BRDA:125,18,0,0
BRDA:125,18,1,0
BRDA:127,19,0,0
BRDA:127,19,1,0
BRDA:128,20,0,0
BRDA:128,20,1,0
BRDA:129,21,0,0
BRDA:129,21,1,0
BRDA:132,22,0,0
BRDA:132,22,1,0
BRDA:159,23,0,0
BRDA:159,23,1,0
BRDA:163,24,0,0
BRDA:163,24,1,0
BRDA:167,25,0,0
BRDA:167,25,1,0
BRDA:181,26,0,0
BRDA:181,26,1,0
BRDA:193,27,0,0
BRDA:193,27,1,0
BRDA:198,28,0,0
BRDA:198,28,1,0
BRDA:216,29,0,0
BRDA:216,29,1,0
BRDA:227,30,0,0
BRDA:227,30,1,0
BRDA:228,31,0,0
BRDA:228,31,1,0
BRDA:228,32,0,0
BRDA:228,32,1,0
BRDA:237,33,0,0
BRDA:237,33,1,0
BRDA:247,34,0,0
BRDA:247,34,1,0
BRDA:273,35,0,0
BRDA:273,35,1,0
BRDA:288,36,0,0
BRDA:288,36,1,0
BRDA:299,37,0,0
BRDA:299,37,1,0
BRDA:304,38,0,0
BRDA:304,38,1,0
BRDA:304,38,2,0
BRDA:311,39,0,0
BRDA:311,39,1,0
BRDA:329,40,0,0
BRDA:329,40,1,0
BRDA:337,41,0,0
BRDA:337,41,1,0
BRDA:342,42,0,0
BRDA:342,42,1,0
BRDA:342,42,2,0
BRDA:349,43,0,0
BRDA:349,43,1,0
BRDA:354,44,0,0
BRDA:354,44,1,0
BRDA:356,45,0,0
BRDA:356,45,1,0
BRDA:361,46,0,0
BRDA:361,46,1,0
BRF:102
BRH:0
end_of_record
TN:
SF:src\components\ui\Badge.jsx
FN:4,Badge
FNF:1
FNH:1
FNDA:3,Badge
DA:5,3
DA:7,3
DA:15,3
LF:3
LH:3
BRDA:4,0,0,3
BRF:1
BRH:1
end_of_record
TN:
SF:src\components\ui\Button.jsx
FN:4,cn
FN:8,Button
FNF:2
FNH:2
FNDA:13,cn
FNDA:4,Button
DA:5,13
DA:9,4
DA:11,4
DA:18,4
DA:25,4
LF:5
LH:5
BRDA:8,0,0,4
BRDA:8,1,0,4
BRDA:8,2,0,4
BRF:3
BRH:3
end_of_record
TN:
SF:src\components\ui\Card.jsx
FN:4,Card
FN:17,CardHeader
FN:23,CardTitle
FN:29,CardDescription
FN:35,CardContent
FNF:5
FNH:5
FNDA:1,Card
FNDA:2,CardHeader
FNDA:1,CardTitle
FNDA:1,CardDescription
FNDA:1,CardContent
DA:5,1
DA:18,2
DA:24,1
DA:30,1
DA:36,1
LF:5
LH:5
BRF:0
BRH:0
end_of_record
